Open5GS daemon v2.6.1-26-g939b311

04/02 15:35:24.191: [app] INFO: Configuration: '/open5gs/config-map/amf.yaml' (../lib/app/ogs-init.c:126)
04/02 15:35:24.191: [app] INFO: File Logging: '/var/log/open5gs/amf.log' (../lib/app/ogs-init.c:129)
04/02 15:35:24.191: [app] INFO: LOG-LEVEL: 'debug' (../lib/app/ogs-init.c:132)
04/02 15:35:24.195: [sock] DEBUG: addr:0.0.0.0, port:80 (../lib/core/ogs-sockaddr.c:143)
04/02 15:35:24.197: [sock] DEBUG: name:open5gs-amf, port:80 (../lib/core/ogs-sockaddr.c:148)
04/02 15:35:24.197: [sock] DEBUG: name:open5gs-scp, port:80 (../lib/core/ogs-sockaddr.c:148)
04/02 15:35:24.198: [sock] DEBUG: addr:0.0.0.0, port:9090 (../lib/core/ogs-sockaddr.c:143)
04/02 15:35:24.207: [metrics] INFO: metrics_server() [http://0.0.0.0]:9090 (../lib/metrics/prometheus/context.c:299)
04/02 15:35:24.207: [sbi] DEBUG: ogs_sbi_nf_state_initial(): ENTRY (../lib/sbi/nf-sm.c:66)
04/02 15:35:24.207: [sbi] DEBUG: ogs_sbi_nf_state_registered(): ENTRY (../lib/sbi/nf-sm.c:204)
04/02 15:35:24.207: [sbi] INFO: NF Service [namf-comm] (../lib/sbi/context.c:1436)
04/02 15:35:24.207: [sbi] DEBUG: ogs_sbi_nf_state_initial(): ENTRY (../lib/sbi/nf-sm.c:66)
04/02 15:35:24.207: [sbi] DEBUG: ogs_sbi_nf_state_will_register(): ENTRY (../lib/sbi/nf-sm.c:118)
04/02 15:35:24.208: [sbi] DEBUG: [PUT] http://open5gs-scp/nnrf-nfm/v1/nf-instances/fc3d9036-d16b-41ed-8c10-d9e16a20cc20 (../lib/sbi/client.c:656)
04/02 15:35:24.208: [sbi] DEBUG: SENDING...[933] (../lib/sbi/client.c:432)
04/02 15:35:24.208: [sbi] DEBUG: {
	"nfInstanceId":	"fc3d9036-d16b-41ed-8c10-d9e16a20cc20",
	"nfType":	"AMF",
	"nfStatus":	"REGISTERED",
	"fqdn":	"open5gs-amf",
	"allowedNfTypes":	["SMF", "SCP"],
	"priority":	0,
	"capacity":	100,
	"load":	0,
	"amfInfo":	{
		"amfSetId":	"001",
		"amfRegionId":	"02",
		"guamiList":	[{
				"plmnId":	{
					"mcc":	"999",
					"mnc":	"70"
				},
				"amfId":	"020040"
			}],
		"taiList":	[{
				"plmnId":	{
					"mcc":	"999",
					"mnc":	"70"
				},
				"tac":	"000001"
			}]
	},
	"nfServiceList":	{
		"fc3f7694-d16b-41ed-8c10-d9e16a20cc20":	{
			"serviceInstanceId":	"fc3f7694-d16b-41ed-8c10-d9e16a20cc20",
			"serviceName":	"namf-comm",
			"versions":	[{
					"apiVersionInUri":	"v1",
					"apiFullVersion":	"1.0.0"
				}],
			"scheme":	"http",
			"nfServiceStatus":	"REGISTERED",
			"fqdn":	"open5gs-amf",
			"allowedNfTypes":	["SMF"],
			"priority":	0,
			"capacity":	100,
			"load":	0
		}
	},
	"nfProfileChangesSupportInd":	true
} (../lib/sbi/client.c:434)
04/02 15:35:24.208: [sock] DEBUG: socket create(2:1:6) (../lib/core/ogs-socket.c:97)
04/02 15:35:24.208: [sock] DEBUG: Turn on TCP_NODELAY (../lib/core/ogs-sockopt.c:139)
04/02 15:35:24.208: [sock] DEBUG: Turn on SO_REUSEADDR (../lib/core/ogs-sockopt.c:120)
04/02 15:35:24.208: [sock] DEBUG: socket bind 0.0.0.0:80 (../lib/core/ogs-socket.c:122)
04/02 15:35:24.208: [sock] DEBUG: tcp_server() [0.0.0.0]:80 (../lib/core/ogs-tcp.c:60)
04/02 15:35:24.208: [sbi] INFO: nghttp2_server() [http://0.0.0.0]:80 (../lib/sbi/nghttp2-server.c:395)
04/02 15:35:24.208: [sock] DEBUG: socket create(2:1:132) (../lib/core/ogs-socket.c:97)
04/02 15:35:24.208: [sock] DEBUG: sizes of 'struct sctp_event_subscribe': compile-time 14, kernel: 13 (../lib/sctp/ogs-lksctp.c:317)
04/02 15:35:24.208: [sock] DEBUG: OLD spp_flags = 0x29 hbinter = 30000 pathmax = 5, sackdelay = 200 (../lib/sctp/ogs-lksctp.c:513)
04/02 15:35:24.208: [sock] DEBUG: sizes of 'struct sctp_paddrparams': compile-time 156, kernel: 156 (../lib/sctp/ogs-lksctp.c:444)
04/02 15:35:24.208: [sock] DEBUG: NEW spp_flags = 0x29 hbinter = 5000 pathmax = 5, sackdelay = 200 (../lib/sctp/ogs-lksctp.c:545)
04/02 15:35:24.208: [sock] DEBUG: OLD RTO (initial:3000 max:60000 min:1000) (../lib/sctp/ogs-lksctp.c:577)
04/02 15:35:24.208: [sock] DEBUG: New RTO (initial:3000 max:5000 min:1000) (../lib/sctp/ogs-lksctp.c:593)
04/02 15:35:24.208: [sock] DEBUG: Old INITMSG (numout:10 maxin:65535 maxattempt:8 maxinit_to:60000) (../lib/sctp/ogs-lksctp.c:619)
04/02 15:35:24.208: [sock] DEBUG: New INITMSG (numout:30 maxin:65535 maxattempt:4 maxinit_to:8000) (../lib/sctp/ogs-lksctp.c:637)
04/02 15:35:24.208: [sock] DEBUG: Turn on SCTP_NODELAY (../lib/sctp/ogs-lksctp.c:650)
04/02 15:35:24.208: [sock] DEBUG: Turn on SO_REUSEADDR (../lib/core/ogs-sockopt.c:120)
04/02 15:35:24.208: [sock] DEBUG: socket bind 10.244.43.129:38412 (../lib/core/ogs-socket.c:122)
04/02 15:35:24.208: [sock] DEBUG: sctp_server() [10.244.43.129]:38412 (../lib/sctp/ogs-lksctp.c:100)
04/02 15:35:24.208: [amf] INFO: ngap_server() [10.244.43.129]:38412 (../src/amf/ngap-sctp.c:61)
04/02 15:35:24.209: [thread] DEBUG: [0x55f508f26920] thread started (../lib/core/ogs-thread.c:104)
04/02 15:35:24.209: [thread] DEBUG: [0x55f508f26920] worker signal (../lib/core/ogs-thread.c:66)
04/02 15:35:24.209: [sctp] INFO: AMF initialize...done (../src/amf/app.c:33)
04/02 15:35:24.209: [amf] DEBUG: amf_state_initial(): INIT (../src/amf/amf-sm.c:32)
04/02 15:35:24.209: [amf] DEBUG: amf_state_operational(): ENTRY (../src/amf/amf-sm.c:78)
04/02 15:35:26.269: [sbi] DEBUG: [500:PUT] http://open5gs-scp/nnrf-nfm/v1/nf-instances/fc3d9036-d16b-41ed-8c10-d9e16a20cc20 (../lib/sbi/client.c:603)
04/02 15:35:26.269: [sbi] DEBUG: RECEIVED[57] (../lib/sbi/client.c:614)
04/02 15:35:26.269: [sbi] DEBUG: {
	"title":	"response_handler() failed",
	"status":	500
} (../lib/sbi/client.c:617)
04/02 15:35:26.270: [amf] DEBUG: amf_state_operational(): OGS_EVENT_NAME_SBI_CLIENT (../src/amf/amf-sm.c:78)
04/02 15:35:26.270: [sbi] DEBUG: ogs_sbi_nf_state_will_register(): OGS_EVENT_NAME_SBI_CLIENT (../lib/sbi/nf-sm.c:118)
04/02 15:35:26.270: [sbi] ERROR: [fc3d9036-d16b-41ed-8c10-d9e16a20cc20] HTTP Response Status Code [500] (../lib/sbi/nf-sm.c:151)
04/02 15:35:26.270: [sbi] DEBUG: ogs_sbi_nf_state_will_register(): EXIT (../lib/sbi/nf-sm.c:118)
04/02 15:35:26.270: [sbi] DEBUG: ogs_sbi_nf_state_exception(): ENTRY (../lib/sbi/nf-sm.c:378)
04/02 15:35:28.272: [amf] DEBUG: amf_state_operational(): OGS_EVENT_NAME_SBI_TIMER (../src/amf/amf-sm.c:78)
04/02 15:35:28.272: [sbi] DEBUG: ogs_sbi_nf_state_exception(): OGS_EVENT_NAME_SBI_TIMER (../lib/sbi/nf-sm.c:378)
04/02 15:35:28.272: [sbi] WARNING: [fc3d9036-d16b-41ed-8c10-d9e16a20cc20] Retry to registration with NRF (../lib/sbi/nf-sm.c:402)
04/02 15:35:28.272: [sbi] DEBUG: ogs_sbi_nf_state_exception(): EXIT (../lib/sbi/nf-sm.c:378)
04/02 15:35:28.272: [sbi] DEBUG: ogs_sbi_nf_state_will_register(): ENTRY (../lib/sbi/nf-sm.c:118)
04/02 15:35:28.272: [sbi] DEBUG: [PUT] http://open5gs-scp/nnrf-nfm/v1/nf-instances/fc3d9036-d16b-41ed-8c10-d9e16a20cc20 (../lib/sbi/client.c:656)
04/02 15:35:28.272: [sbi] DEBUG: SENDING...[933] (../lib/sbi/client.c:432)
04/02 15:35:28.272: [sbi] DEBUG: {
	"nfInstanceId":	"fc3d9036-d16b-41ed-8c10-d9e16a20cc20",
	"nfType":	"AMF",
	"nfStatus":	"REGISTERED",
	"fqdn":	"open5gs-amf",
	"allowedNfTypes":	["SMF", "SCP"],
	"priority":	0,
	"capacity":	100,
	"load":	0,
	"amfInfo":	{
		"amfSetId":	"001",
		"amfRegionId":	"02",
		"guamiList":	[{
				"plmnId":	{
					"mcc":	"999",
					"mnc":	"70"
				},
				"amfId":	"020040"
			}],
		"taiList":	[{
				"plmnId":	{
					"mcc":	"999",
					"mnc":	"70"
				},
				"tac":	"000001"
			}]
	},
	"nfServiceList":	{
		"fc3f7694-d16b-41ed-8c10-d9e16a20cc20":	{
			"serviceInstanceId":	"fc3f7694-d16b-41ed-8c10-d9e16a20cc20",
			"serviceName":	"namf-comm",
			"versions":	[{
					"apiVersionInUri":	"v1",
					"apiFullVersion":	"1.0.0"
				}],
			"scheme":	"http",
			"nfServiceStatus":	"REGISTERED",
			"fqdn":	"open5gs-amf",
			"allowedNfTypes":	["SMF"],
			"priority":	0,
			"capacity":	100,
			"load":	0
		}
	},
	"nfProfileChangesSupportInd":	true
} (../lib/sbi/client.c:434)
04/02 15:35:28.276: [sbi] DEBUG: [201:PUT] http://open5gs-scp/nnrf-nfm/v1/nf-instances/fc3d9036-d16b-41ed-8c10-d9e16a20cc20 (../lib/sbi/client.c:603)
04/02 15:35:28.276: [sbi] DEBUG: RECEIVED[157] (../lib/sbi/client.c:614)
04/02 15:35:28.277: [sbi] DEBUG: {
	"nfInstanceId":	"fc3d9036-d16b-41ed-8c10-d9e16a20cc20",
	"nfType":	"AMF",
	"nfStatus":	"REGISTERED",
	"heartBeatTimer":	10,
	"nfProfileChangesInd":	true
} (../lib/sbi/client.c:617)
04/02 15:35:28.277: [amf] DEBUG: amf_state_operational(): OGS_EVENT_NAME_SBI_CLIENT (../src/amf/amf-sm.c:78)
04/02 15:35:28.277: [sbi] DEBUG: ogs_sbi_nf_state_will_register(): OGS_EVENT_NAME_SBI_CLIENT (../lib/sbi/nf-sm.c:118)
04/02 15:35:28.277: [sbi] DEBUG: ogs_sbi_nf_state_will_register(): EXIT (../lib/sbi/nf-sm.c:118)
04/02 15:35:28.277: [sbi] DEBUG: ogs_sbi_nf_state_registered(): ENTRY (../lib/sbi/nf-sm.c:204)
04/02 15:35:28.277: [sbi] INFO: [fc3d9036-d16b-41ed-8c10-d9e16a20cc20] NF registered [Heartbeat:10s] (../lib/sbi/nf-sm.c:214)
04/02 15:35:28.277: [sbi] DEBUG: [POST] http://open5gs-scp/nnrf-nfm/v1/subscriptions (../lib/sbi/client.c:656)
04/02 15:35:28.277: [sbi] DEBUG: SENDING...[260] (../lib/sbi/client.c:432)
04/02 15:35:28.277: [sbi] DEBUG: {
	"nfStatusNotificationUri":	"http://open5gs-amf/nnrf-nfm/v1/nf-status-notify",
	"reqNfInstanceId":	"fc3d9036-d16b-41ed-8c10-d9e16a20cc20",
	"subscrCond":	{
		"nfType":	"AUSF",
		"serviceName":	"nausf-auth"
	},
	"reqNfType":	"AMF",
	"requesterFeatures":	"1"
} (../lib/sbi/client.c:434)
04/02 15:35:28.277: [sbi] DEBUG: [POST] http://open5gs-scp/nnrf-nfm/v1/subscriptions (../lib/sbi/client.c:656)
04/02 15:35:28.277: [sbi] DEBUG: SENDING...[258] (../lib/sbi/client.c:432)
04/02 15:35:28.277: [sbi] DEBUG: {
	"nfStatusNotificationUri":	"http://open5gs-amf/nnrf-nfm/v1/nf-status-notify",
	"reqNfInstanceId":	"fc3d9036-d16b-41ed-8c10-d9e16a20cc20",
	"subscrCond":	{
		"nfType":	"UDM",
		"serviceName":	"nudm-uecm"
	},
	"reqNfType":	"AMF",
	"requesterFeatures":	"1"
} (../lib/sbi/client.c:434)
04/02 15:35:28.277: [sbi] DEBUG: [POST] http://open5gs-scp/nnrf-nfm/v1/subscriptions (../lib/sbi/client.c:656)
04/02 15:35:28.277: [sbi] DEBUG: SENDING...[257] (../lib/sbi/client.c:432)
04/02 15:35:28.277: [sbi] DEBUG: {
	"nfStatusNotificationUri":	"http://open5gs-amf/nnrf-nfm/v1/nf-status-notify",
	"reqNfInstanceId":	"fc3d9036-d16b-41ed-8c10-d9e16a20cc20",
	"subscrCond":	{
		"nfType":	"UDM",
		"serviceName":	"nudm-sdm"
	},
	"reqNfType":	"AMF",
	"requesterFeatures":	"1"
} (../lib/sbi/client.c:434)
04/02 15:35:28.278: [sbi] DEBUG: [POST] http://open5gs-scp/nnrf-nfm/v1/subscriptions (../lib/sbi/client.c:656)
04/02 15:35:28.278: [sbi] DEBUG: SENDING...[271] (../lib/sbi/client.c:432)
04/02 15:35:28.278: [sbi] DEBUG: {
	"nfStatusNotificationUri":	"http://open5gs-amf/nnrf-nfm/v1/nf-status-notify",
	"reqNfInstanceId":	"fc3d9036-d16b-41ed-8c10-d9e16a20cc20",
	"subscrCond":	{
		"nfType":	"PCF",
		"serviceName":	"npcf-am-policy-control"
	},
	"reqNfType":	"AMF",
	"requesterFeatures":	"1"
} (../lib/sbi/client.c:434)
04/02 15:35:28.278: [sbi] DEBUG: [POST] http://open5gs-scp/nnrf-nfm/v1/subscriptions (../lib/sbi/client.c:656)
04/02 15:35:28.278: [sbi] DEBUG: SENDING...[264] (../lib/sbi/client.c:432)
04/02 15:35:28.278: [sbi] DEBUG: {
	"nfStatusNotificationUri":	"http://open5gs-amf/nnrf-nfm/v1/nf-status-notify",
	"reqNfInstanceId":	"fc3d9036-d16b-41ed-8c10-d9e16a20cc20",
	"subscrCond":	{
		"nfType":	"SMF",
		"serviceName":	"nsmf-pdusession"
	},
	"reqNfType":	"AMF",
	"requesterFeatures":	"1"
} (../lib/sbi/client.c:434)
04/02 15:35:28.278: [sbi] DEBUG: [POST] http://open5gs-scp/nnrf-nfm/v1/subscriptions (../lib/sbi/client.c:656)
04/02 15:35:28.278: [sbi] DEBUG: SENDING...[267] (../lib/sbi/client.c:432)
04/02 15:35:28.278: [sbi] DEBUG: {
	"nfStatusNotificationUri":	"http://open5gs-amf/nnrf-nfm/v1/nf-status-notify",
	"reqNfInstanceId":	"fc3d9036-d16b-41ed-8c10-d9e16a20cc20",
	"subscrCond":	{
		"nfType":	"NSSF",
		"serviceName":	"nnssf-nsselection"
	},
	"reqNfType":	"AMF",
	"requesterFeatures":	"1"
} (../lib/sbi/client.c:434)
04/02 15:35:28.292: [sbi] DEBUG: [201:POST] http://open5gs-scp/nnrf-nfm/v1/subscriptions (../lib/sbi/client.c:603)
04/02 15:35:28.292: [sbi] DEBUG: RECEIVED[375] (../lib/sbi/client.c:614)
04/02 15:35:28.292: [sbi] DEBUG: {
	"nfStatusNotificationUri":	"http://open5gs-amf/nnrf-nfm/v1/nf-status-notify",
	"reqNfInstanceId":	"fc3d9036-d16b-41ed-8c10-d9e16a20cc20",
	"subscrCond":	{
		"nfType":	"AUSF",
		"serviceName":	"nausf-auth"
	},
	"subscriptionId":	"fead9cf8-d16b-41ed-a73f-81a5a54079d5",
	"validityTime":	"2023-04-03T15:35:28.285874+00:00",
	"reqNfType":	"AMF",
	"nrfSupportedFeatures":	"1"
} (../lib/sbi/client.c:617)
04/02 15:35:28.292: [amf] DEBUG: amf_state_operational(): OGS_EVENT_NAME_SBI_CLIENT (../src/amf/amf-sm.c:78)
04/02 15:35:28.292: [sbi] INFO: [fead9cf8-d16b-41ed-a73f-81a5a54079d5] Subscription created until 2023-04-03T15:35:28.285874+00:00 [duration:86400,validity:86399.993378,patch:43199.996689] (../lib/sbi/nnrf-handler.c:515)
04/02 15:35:28.293: [sbi] DEBUG: [201:POST] http://open5gs-scp/nnrf-nfm/v1/subscriptions (../lib/sbi/client.c:603)
04/02 15:35:28.293: [sbi] DEBUG: RECEIVED[373] (../lib/sbi/client.c:614)
04/02 15:35:28.293: [sbi] DEBUG: {
	"nfStatusNotificationUri":	"http://open5gs-amf/nnrf-nfm/v1/nf-status-notify",
	"reqNfInstanceId":	"fc3d9036-d16b-41ed-8c10-d9e16a20cc20",
	"subscrCond":	{
		"nfType":	"UDM",
		"serviceName":	"nudm-uecm"
	},
	"subscriptionId":	"feadd2fe-d16b-41ed-a73f-81a5a54079d5",
	"validityTime":	"2023-04-03T15:35:28.286992+00:00",
	"reqNfType":	"AMF",
	"nrfSupportedFeatures":	"1"
} (../lib/sbi/client.c:617)
04/02 15:35:28.293: [amf] DEBUG: amf_state_operational(): OGS_EVENT_NAME_SBI_CLIENT (../src/amf/amf-sm.c:78)
04/02 15:35:28.293: [sbi] INFO: [feadd2fe-d16b-41ed-a73f-81a5a54079d5] Subscription created until 2023-04-03T15:35:28.286992+00:00 [duration:86400,validity:86399.993530,patch:43199.996765] (../lib/sbi/nnrf-handler.c:515)
04/02 15:35:28.293: [sbi] DEBUG: [201:POST] http://open5gs-scp/nnrf-nfm/v1/subscriptions (../lib/sbi/client.c:603)
04/02 15:35:28.293: [sbi] DEBUG: RECEIVED[372] (../lib/sbi/client.c:614)
04/02 15:35:28.293: [sbi] DEBUG: {
	"nfStatusNotificationUri":	"http://open5gs-amf/nnrf-nfm/v1/nf-status-notify",
	"reqNfInstanceId":	"fc3d9036-d16b-41ed-8c10-d9e16a20cc20",
	"subscrCond":	{
		"nfType":	"UDM",
		"serviceName":	"nudm-sdm"
	},
	"subscriptionId":	"feadeff0-d16b-41ed-a73f-81a5a54079d5",
	"validityTime":	"2023-04-03T15:35:28.287688+00:00",
	"reqNfType":	"AMF",
	"nrfSupportedFeatures":	"1"
} (../lib/sbi/client.c:617)
04/02 15:35:28.293: [amf] DEBUG: amf_state_operational(): OGS_EVENT_NAME_SBI_CLIENT (../src/amf/amf-sm.c:78)
04/02 15:35:28.293: [sbi] INFO: [feadeff0-d16b-41ed-a73f-81a5a54079d5] Subscription created until 2023-04-03T15:35:28.287688+00:00 [duration:86400,validity:86399.993925,patch:43199.996962] (../lib/sbi/nnrf-handler.c:515)
04/02 15:35:28.293: [sbi] DEBUG: [201:POST] http://open5gs-scp/nnrf-nfm/v1/subscriptions (../lib/sbi/client.c:603)
04/02 15:35:28.293: [sbi] DEBUG: RECEIVED[386] (../lib/sbi/client.c:614)
04/02 15:35:28.293: [sbi] DEBUG: {
	"nfStatusNotificationUri":	"http://open5gs-amf/nnrf-nfm/v1/nf-status-notify",
	"reqNfInstanceId":	"fc3d9036-d16b-41ed-8c10-d9e16a20cc20",
	"subscrCond":	{
		"nfType":	"PCF",
		"serviceName":	"npcf-am-policy-control"
	},
	"subscriptionId":	"feae0ab2-d16b-41ed-a73f-81a5a54079d5",
	"validityTime":	"2023-04-03T15:35:28.288340+00:00",
	"reqNfType":	"AMF",
	"nrfSupportedFeatures":	"1"
} (../lib/sbi/client.c:617)
04/02 15:35:28.293: [amf] DEBUG: amf_state_operational(): OGS_EVENT_NAME_SBI_CLIENT (../src/amf/amf-sm.c:78)
04/02 15:35:28.294: [sbi] INFO: [feae0ab2-d16b-41ed-a73f-81a5a54079d5] Subscription created until 2023-04-03T15:35:28.288340+00:00 [duration:86400,validity:86399.994310,patch:43199.997155] (../lib/sbi/nnrf-handler.c:515)
04/02 15:35:28.294: [sbi] DEBUG: [201:POST] http://open5gs-scp/nnrf-nfm/v1/subscriptions (../lib/sbi/client.c:603)
04/02 15:35:28.294: [sbi] DEBUG: RECEIVED[379] (../lib/sbi/client.c:614)
04/02 15:35:28.294: [sbi] DEBUG: {
	"nfStatusNotificationUri":	"http://open5gs-amf/nnrf-nfm/v1/nf-status-notify",
	"reqNfInstanceId":	"fc3d9036-d16b-41ed-8c10-d9e16a20cc20",
	"subscrCond":	{
		"nfType":	"SMF",
		"serviceName":	"nsmf-pdusession"
	},
	"subscriptionId":	"feae2e8e-d16b-41ed-a73f-81a5a54079d5",
	"validityTime":	"2023-04-03T15:35:28.289444+00:00",
	"reqNfType":	"AMF",
	"nrfSupportedFeatures":	"1"
} (../lib/sbi/client.c:617)
04/02 15:35:28.294: [amf] DEBUG: amf_state_operational(): OGS_EVENT_NAME_SBI_CLIENT (../src/amf/amf-sm.c:78)
04/02 15:35:28.294: [sbi] INFO: [feae2e8e-d16b-41ed-a73f-81a5a54079d5] Subscription created until 2023-04-03T15:35:28.289444+00:00 [duration:86400,validity:86399.995144,patch:43199.997572] (../lib/sbi/nnrf-handler.c:515)
04/02 15:35:28.294: [sbi] DEBUG: [201:POST] http://open5gs-scp/nnrf-nfm/v1/subscriptions (../lib/sbi/client.c:603)
04/02 15:35:28.294: [sbi] DEBUG: RECEIVED[382] (../lib/sbi/client.c:614)
04/02 15:35:28.294: [sbi] DEBUG: {
	"nfStatusNotificationUri":	"http://open5gs-amf/nnrf-nfm/v1/nf-status-notify",
	"reqNfInstanceId":	"fc3d9036-d16b-41ed-8c10-d9e16a20cc20",
	"subscrCond":	{
		"nfType":	"NSSF",
		"serviceName":	"nnssf-nsselection"
	},
	"subscriptionId":	"feae50a8-d16b-41ed-a73f-81a5a54079d5",
	"validityTime":	"2023-04-03T15:35:28.290358+00:00",
	"reqNfType":	"AMF",
	"nrfSupportedFeatures":	"1"
} (../lib/sbi/client.c:617)
04/02 15:35:28.294: [amf] DEBUG: amf_state_operational(): OGS_EVENT_NAME_SBI_CLIENT (../src/amf/amf-sm.c:78)
04/02 15:35:28.294: [sbi] INFO: [feae50a8-d16b-41ed-a73f-81a5a54079d5] Subscription created until 2023-04-03T15:35:28.290358+00:00 [duration:86400,validity:86399.995704,patch:43199.997852] (../lib/sbi/nnrf-handler.c:515)
04/02 15:35:30.693: [sbi] DEBUG: MAX_CONCURRENT_STREAMS = 100 (../lib/sbi/nghttp2-server.c:1046)
04/02 15:35:30.693: [sbi] DEBUG: ENABLE_PUSH = false (../lib/sbi/nghttp2-server.c:1048)
0000: 00000604 00000000 00000300 004000     .............@.
04/02 15:35:30.693: [sbi] DEBUG: STREAM added [1] (../lib/sbi/nghttp2-server.c:1422)
04/02 15:35:30.693: [sbi] DEBUG: [POST] /nnrf-nfm/v1/nf-status-notify (../lib/sbi/nghttp2-server.c:1100)
04/02 15:35:30.693: [sbi] DEBUG: RECEIVED: 936 (../lib/sbi/nghttp2-server.c:1104)
04/02 15:35:30.693: [sbi] DEBUG: {
	"event":	"NF_REGISTERED",
	"nfInstanceUri":	"http://open5gs-nrf/nnrf-nfm/v1/nf-instances/f98b49a0-d16b-41ed-8fde-6b3bb086e116",
	"nfProfile":	{
		"nfInstanceId":	"f98b49a0-d16b-41ed-8fde-6b3bb086e116",
		"nfType":	"UDM",
		"nfStatus":	"REGISTERED",
		"heartBeatTimer":	10,
		"ipv4Addresses":	["0.0.0.0"],
		"allowedNfTypes":	["AMF", "SMF", "AUSF", "SCP"],
		"priority":	0,
		"capacity":	100,
		"load":	0,
		"nfServiceList":	{
			"f98b897e-d16b-41ed-8fde-6b3bb086e116":	{
				"serviceInstanceId":	"f98b897e-d16b-41ed-8fde-6b3bb086e116",
				"serviceName":	"nudm-uecm",
				"versions":	[{
						"apiVersionInUri":	"v1",
						"apiFullVersion":	"1.0.0"
					}],
				"scheme":	"http",
				"nfServiceStatus":	"REGISTERED",
				"ipEndPoints":	[{
						"ipv4Address":	"0.0.0.0",
						"port":	0
					}],
				"allowedNfTypes":	["AMF"],
				"priority":	0,
				"capacity":	100,
				"load":	0
			}
		},
		"nfProfileChangesSupportInd":	true
	}
} (../lib/sbi/nghttp2-server.c:1106)
04/02 15:35:30.693: [amf] DEBUG: amf_state_operational(): OGS_EVENT_NAME_SBI_SERVER (../src/amf/amf-sm.c:78)
04/02 15:35:30.693: [sbi] DEBUG: ogs_sbi_nf_instance_add() (../lib/sbi/context.c:816)
04/02 15:35:30.693: [sbi] DEBUG: [REF] 1 (../lib/sbi/context.c:818)
04/02 15:35:30.693: [sbi] DEBUG: ogs_sbi_nf_state_initial(): ENTRY (../lib/sbi/nf-sm.c:66)
04/02 15:35:30.693: [sbi] DEBUG: ogs_sbi_nf_state_registered(): ENTRY (../lib/sbi/nf-sm.c:204)
04/02 15:35:30.693: [sbi] INFO: [f98b49a0-d16b-41ed-8fde-6b3bb086e116] (NRF-notify) NF registered (../lib/sbi/nnrf-handler.c:731)
04/02 15:35:30.693: [sock] DEBUG: addr:0.0.0.0, port:80 (../lib/core/ogs-sockaddr.c:143)
04/02 15:35:30.693: [sock] DEBUG: addr:0.0.0.0, port:0 (../lib/core/ogs-sockaddr.c:143)
04/02 15:35:30.693: [sbi] INFO: [f98b49a0-d16b-41ed-8fde-6b3bb086e116] (NRF-notify) NF Profile updated (../lib/sbi/nnrf-handler.c:741)
04/02 15:35:30.693: [sbi] DEBUG: ogs_sbi_client_add[http] (../lib/sbi/client.c:116)
04/02 15:35:30.693: [sbi] DEBUG: [REF] 1 (../lib/sbi/client.c:117)
04/02 15:35:30.693: [sbi] DEBUG: [REF] 2 (../lib/sbi/context.c:1618)
04/02 15:35:30.693: [sbi] DEBUG: ogs_sbi_client_add[http] (../lib/sbi/client.c:116)
04/02 15:35:30.693: [sbi] DEBUG: [REF] 1 (../lib/sbi/client.c:117)
04/02 15:35:30.693: [sbi] DEBUG: [REF] 2 (../lib/sbi/context.c:1527)
04/02 15:35:30.693: [sbi] DEBUG: STATUS [204] (../lib/sbi/nghttp2-server.c:614)
04/02 15:35:30.694: [sbi] DEBUG: STREAM closed [1] (../lib/sbi/nghttp2-server.c:1152)
0000: 00000004 01000000 00                  .........
0000: 00002f01 05000000 01897694 d5596a6f   ../.......v..Yjo
0010: 16e53b89 77170ac2 71699f65 f8d9087f   ..;.w...qi.e....
0020: 6196dd6d 5f4a004a 435d8a08 026540b7   a..m_J.JC]...e@.
0030: 7196ee32 053168df                     q..2.1h.
04/02 15:35:30.694: [sbi] DEBUG: MAX_CONCURRENT_STREAMS = 100 (../lib/sbi/nghttp2-server.c:1046)
04/02 15:35:30.694: [sbi] DEBUG: ENABLE_PUSH = false (../lib/sbi/nghttp2-server.c:1048)
04/02 15:35:30.694: [sbi] DEBUG: STREAM added [1] (../lib/sbi/nghttp2-server.c:1422)
04/02 15:35:30.694: [sbi] DEBUG: [POST] /nnrf-nfm/v1/nf-status-notify (../lib/sbi/nghttp2-server.c:1100)
04/02 15:35:30.694: [sbi] DEBUG: RECEIVED: 942 (../lib/sbi/nghttp2-server.c:1104)
04/02 15:35:30.694: [sbi] DEBUG: {
	"event":	"NF_REGISTERED",
	"nfInstanceUri":	"http://open5gs-nrf/nnrf-nfm/v1/nf-instances/f98b49a0-d16b-41ed-8fde-6b3bb086e116",
	"nfProfile":	{
		"nfInstanceId":	"f98b49a0-d16b-41ed-8fde-6b3bb086e116",
		"nfType":	"UDM",
		"nfStatus":	"REGISTERED",
		"heartBeatTimer":	10,
		"ipv4Addresses":	["0.0.0.0"],
		"allowedNfTypes":	["AMF", "SMF", "AUSF", "SCP"],
		"priority":	0,
		"capacity":	100,
		"load":	0,
		"nfServiceList":	{
			"f98b8abe-d16b-41ed-8fde-6b3bb086e116":	{
				"serviceInstanceId":	"f98b8abe-d16b-41ed-8fde-6b3bb086e116",
				"serviceName":	"nudm-sdm",
				"versions":	[{
						"apiVersionInUri":	"v2",
						"apiFullVersion":	"2.0.0"
					}],
				"scheme":	"http",
				"nfServiceStatus":	"REGISTERED",
				"ipEndPoints":	[{
						"ipv4Address":	"0.0.0.0",
						"port":	0
					}],
				"allowedNfTypes":	["AMF", "SMF"],
				"priority":	0,
				"capacity":	100,
				"load":	0
			}
		},
		"nfProfileChangesSupportInd":	true
	}
} (../lib/sbi/nghttp2-server.c:1106)
0000: 00000604 00000000 00000300 004000     .............@.
04/02 15:35:30.694: [amf] DEBUG: amf_state_operational(): OGS_EVENT_NAME_SBI_SERVER (../src/amf/amf-sm.c:78)
04/02 15:35:30.694: [sbi] WARNING: [f98b49a0-d16b-41ed-8fde-6b3bb086e116] (NRF-notify) NF has already been added (../lib/sbi/nnrf-handler.c:735)
04/02 15:35:30.694: [sock] DEBUG: addr:0.0.0.0, port:80 (../lib/core/ogs-sockaddr.c:143)
04/02 15:35:30.694: [sock] DEBUG: addr:0.0.0.0, port:0 (../lib/core/ogs-sockaddr.c:143)
04/02 15:35:30.694: [sbi] INFO: [f98b49a0-d16b-41ed-8fde-6b3bb086e116] (NRF-notify) NF Profile updated (../lib/sbi/nnrf-handler.c:741)
04/02 15:35:30.694: [sbi] WARNING: NF EndPoint updated [0.0.0.0:80] (../lib/sbi/context.c:1618)
04/02 15:35:30.694: [sbi] DEBUG: ogs_sbi_client_remove() [0.0.0.0:80] (../lib/sbi/client.c:156)
04/02 15:35:30.694: [sbi] DEBUG: [UNREF] 2 (../lib/sbi/client.c:161)
04/02 15:35:30.694: [sbi] DEBUG: [REF] 2 (../lib/sbi/context.c:1618)
04/02 15:35:30.694: [sbi] WARNING: NF EndPoint updated [0.0.0.0:0] (../lib/sbi/context.c:1527)
04/02 15:35:30.694: [sbi] DEBUG: ogs_sbi_client_remove() [0.0.0.0:0] (../lib/sbi/client.c:156)
04/02 15:35:30.695: [sbi] DEBUG: [UNREF] 2 (../lib/sbi/client.c:161)
04/02 15:35:30.695: [sbi] DEBUG: [REF] 2 (../lib/sbi/context.c:1527)
04/02 15:35:30.695: [sbi] DEBUG: [REF] 3 (../lib/sbi/context.c:1527)
04/02 15:35:30.695: [sbi] DEBUG: STATUS [204] (../lib/sbi/nghttp2-server.c:614)
04/02 15:35:30.695: [sbi] DEBUG: STREAM closed [1] (../lib/sbi/nghttp2-server.c:1152)
04/02 15:35:30.695: [sbi] DEBUG: MAX_CONCURRENT_STREAMS = 100 (../lib/sbi/nghttp2-server.c:1046)
04/02 15:35:30.695: [sbi] DEBUG: ENABLE_PUSH = false (../lib/sbi/nghttp2-server.c:1048)
04/02 15:35:30.695: [sbi] DEBUG: MAX_CONCURRENT_STREAMS = 100 (../lib/sbi/nghttp2-server.c:1046)
04/02 15:35:30.695: [sbi] DEBUG: ENABLE_PUSH = false (../lib/sbi/nghttp2-server.c:1048)
0000: 00000004 01000000 00                  .........
0000: 00002f01 05000000 01897694 d5596a6f   ../.......v..Yjo
0010: 16e53b89 77170ac2 71699f65 f8d9087f   ..;.w...qi.e....
0020: 6196dd6d 5f4a004a 435d8a08 026540b7   a..m_J.JC]...e@.
0030: 7196ee32 053168df                     q..2.1h.
04/02 15:35:31.554: [sbi] DEBUG: STREAM added [3] (../lib/sbi/nghttp2-server.c:1422)
04/02 15:35:31.555: [sbi] DEBUG: [POST] /nnrf-nfm/v1/nf-status-notify (../lib/sbi/nghttp2-server.c:1100)
04/02 15:35:31.555: [sbi] DEBUG: RECEIVED: 873 (../lib/sbi/nghttp2-server.c:1104)
04/02 15:35:31.555: [sbi] DEBUG: {
	"event":	"NF_REGISTERED",
	"nfInstanceUri":	"http://open5gs-nrf/nnrf-nfm/v1/nf-instances/fa0e6b78-d16b-41ed-aeb9-ff1e32029c79",
	"nfProfile":	{
		"nfInstanceId":	"fa0e6b78-d16b-41ed-aeb9-ff1e32029c79",
		"nfType":	"NSSF",
		"nfStatus":	"REGISTERED",
		"heartBeatTimer":	10,
		"fqdn":	"open5gs-nssf",
		"allowedNfTypes":	["AMF", "SCP"],
		"priority":	0,
		"capacity":	100,
		"load":	1,
		"nfServiceList":	{
			"fa0eeecc-d16b-41ed-aeb9-ff1e32029c79":	{
				"serviceInstanceId":	"fa0eeecc-d16b-41ed-aeb9-ff1e32029c79",
				"serviceName":	"nnssf-nsselection",
				"versions":	[{
						"apiVersionInUri":	"v2",
						"apiFullVersion":	"2.0.0"
					}],
				"scheme":	"http",
				"nfServiceStatus":	"REGISTERED",
				"fqdn":	"open5gs-nssf",
				"allowedNfTypes":	["AMF"],
				"priority":	0,
				"capacity":	100,
				"load":	0
			}
		},
		"nfProfileChangesSupportInd":	true
	}
} (../lib/sbi/nghttp2-server.c:1106)
04/02 15:35:31.555: [amf] DEBUG: amf_state_operational(): OGS_EVENT_NAME_SBI_SERVER (../src/amf/amf-sm.c:78)
04/02 15:35:31.555: [sbi] DEBUG: ogs_sbi_nf_instance_add() (../lib/sbi/context.c:816)
04/02 15:35:31.555: [sbi] DEBUG: [REF] 1 (../lib/sbi/context.c:818)
04/02 15:35:31.555: [sbi] DEBUG: ogs_sbi_nf_state_initial(): ENTRY (../lib/sbi/nf-sm.c:66)
04/02 15:35:31.555: [sbi] DEBUG: ogs_sbi_nf_state_registered(): ENTRY (../lib/sbi/nf-sm.c:204)
04/02 15:35:31.555: [sbi] INFO: [fa0e6b78-d16b-41ed-aeb9-ff1e32029c79] (NRF-notify) NF registered (../lib/sbi/nnrf-handler.c:731)
04/02 15:35:31.555: [sbi] INFO: [fa0e6b78-d16b-41ed-aeb9-ff1e32029c79] (NRF-notify) NF Profile updated (../lib/sbi/nnrf-handler.c:741)
04/02 15:35:31.556: [sock] DEBUG: name:open5gs-nssf, port:80 (../lib/core/ogs-sockaddr.c:148)
04/02 15:35:31.556: [sbi] DEBUG: ogs_sbi_client_add[http] (../lib/sbi/client.c:116)
04/02 15:35:31.556: [sbi] DEBUG: [REF] 1 (../lib/sbi/client.c:117)
04/02 15:35:31.557: [sbi] DEBUG: [REF] 2 (../lib/sbi/context.c:1618)
04/02 15:35:31.558: [sock] DEBUG: name:open5gs-nssf, port:80 (../lib/core/ogs-sockaddr.c:148)
04/02 15:35:31.558: [sbi] DEBUG: [REF] 3 (../lib/sbi/context.c:1527)
04/02 15:35:31.558: [sbi] DEBUG: STATUS [204] (../lib/sbi/nghttp2-server.c:614)
04/02 15:35:31.558: [sbi] DEBUG: STREAM closed [3] (../lib/sbi/nghttp2-server.c:1152)
0000: 00001a01 05000000 0389bf61 96dd6d5f   ...........a..m_
0010: 4a004a43 5d8a0802 6540b771 96ee3215   J.JC]...e@.q..2.
0020: 3168df                                1h.
04/02 15:35:38.280: [amf] DEBUG: amf_state_operational(): OGS_EVENT_NAME_SBI_TIMER (../src/amf/amf-sm.c:78)
04/02 15:35:38.280: [sbi] DEBUG: ogs_sbi_nf_state_registered(): OGS_EVENT_NAME_SBI_TIMER (../lib/sbi/nf-sm.c:204)
04/02 15:35:38.280: [sbi] DEBUG: [PATCH] http://open5gs-scp/nnrf-nfm/v1/nf-instances/fc3d9036-d16b-41ed-8c10-d9e16a20cc20 (../lib/sbi/client.c:656)
04/02 15:35:38.281: [sbi] DEBUG: SENDING...[129] (../lib/sbi/client.c:432)
04/02 15:35:38.281: [sbi] DEBUG: [{
		"op":	"replace",
		"path":	"/nfStatus",
		"value":	"REGISTERED"
	}, {
		"op":	"replace",
		"path":	"/load",
		"value":	0
	}] (../lib/sbi/client.c:434)
04/02 15:35:38.283: [sbi] DEBUG: [204:PATCH] http://open5gs-scp/nnrf-nfm/v1/nf-instances/fc3d9036-d16b-41ed-8c10-d9e16a20cc20 (../lib/sbi/client.c:603)
04/02 15:35:38.283: [sbi] DEBUG: RECEIVED[0] (../lib/sbi/client.c:614)
04/02 15:35:38.283: [amf] DEBUG: amf_state_operational(): OGS_EVENT_NAME_SBI_CLIENT (../src/amf/amf-sm.c:78)
04/02 15:35:38.283: [sbi] DEBUG: ogs_sbi_nf_state_registered(): OGS_EVENT_NAME_SBI_CLIENT (../lib/sbi/nf-sm.c:204)
04/02 15:35:48.284: [amf] DEBUG: amf_state_operational(): OGS_EVENT_NAME_SBI_TIMER (../src/amf/amf-sm.c:78)
04/02 15:35:48.285: [sbi] DEBUG: ogs_sbi_nf_state_registered(): OGS_EVENT_NAME_SBI_TIMER (../lib/sbi/nf-sm.c:204)
04/02 15:35:48.285: [sbi] DEBUG: [PATCH] http://open5gs-scp/nnrf-nfm/v1/nf-instances/fc3d9036-d16b-41ed-8c10-d9e16a20cc20 (../lib/sbi/client.c:656)
04/02 15:35:48.285: [sbi] DEBUG: SENDING...[129] (../lib/sbi/client.c:432)
04/02 15:35:48.285: [sbi] DEBUG: [{
		"op":	"replace",
		"path":	"/nfStatus",
		"value":	"REGISTERED"
	}, {
		"op":	"replace",
		"path":	"/load",
		"value":	0
	}] (../lib/sbi/client.c:434)
04/02 15:35:48.286: [sbi] DEBUG: [204:PATCH] http://open5gs-scp/nnrf-nfm/v1/nf-instances/fc3d9036-d16b-41ed-8c10-d9e16a20cc20 (../lib/sbi/client.c:603)
04/02 15:35:48.286: [sbi] DEBUG: RECEIVED[0] (../lib/sbi/client.c:614)
04/02 15:35:48.286: [amf] DEBUG: amf_state_operational(): OGS_EVENT_NAME_SBI_CLIENT (../src/amf/amf-sm.c:78)
04/02 15:35:48.287: [sbi] DEBUG: ogs_sbi_nf_state_registered(): OGS_EVENT_NAME_SBI_CLIENT (../lib/sbi/nf-sm.c:204)
04/02 15:35:58.287: [amf] DEBUG: amf_state_operational(): OGS_EVENT_NAME_SBI_TIMER (../src/amf/amf-sm.c:78)
04/02 15:35:58.287: [sbi] DEBUG: ogs_sbi_nf_state_registered(): OGS_EVENT_NAME_SBI_TIMER (../lib/sbi/nf-sm.c:204)
04/02 15:35:58.287: [sbi] DEBUG: [PATCH] http://open5gs-scp/nnrf-nfm/v1/nf-instances/fc3d9036-d16b-41ed-8c10-d9e16a20cc20 (../lib/sbi/client.c:656)
04/02 15:35:58.287: [sbi] DEBUG: SENDING...[129] (../lib/sbi/client.c:432)
04/02 15:35:58.287: [sbi] DEBUG: [{
		"op":	"replace",
		"path":	"/nfStatus",
		"value":	"REGISTERED"
	}, {
		"op":	"replace",
		"path":	"/load",
		"value":	0
	}] (../lib/sbi/client.c:434)
04/02 15:35:58.289: [sbi] DEBUG: [204:PATCH] http://open5gs-scp/nnrf-nfm/v1/nf-instances/fc3d9036-d16b-41ed-8c10-d9e16a20cc20 (../lib/sbi/client.c:603)
04/02 15:35:58.289: [sbi] DEBUG: RECEIVED[0] (../lib/sbi/client.c:614)
04/02 15:35:58.289: [amf] DEBUG: amf_state_operational(): OGS_EVENT_NAME_SBI_CLIENT (../src/amf/amf-sm.c:78)
04/02 15:35:58.289: [sbi] DEBUG: ogs_sbi_nf_state_registered(): OGS_EVENT_NAME_SBI_CLIENT (../lib/sbi/nf-sm.c:204)
04/02 15:36:08.291: [amf] DEBUG: amf_state_operational(): OGS_EVENT_NAME_SBI_TIMER (../src/amf/amf-sm.c:78)
04/02 15:36:08.291: [sbi] DEBUG: ogs_sbi_nf_state_registered(): OGS_EVENT_NAME_SBI_TIMER (../lib/sbi/nf-sm.c:204)
04/02 15:36:08.291: [sbi] DEBUG: [PATCH] http://open5gs-scp/nnrf-nfm/v1/nf-instances/fc3d9036-d16b-41ed-8c10-d9e16a20cc20 (../lib/sbi/client.c:656)
04/02 15:36:08.292: [sbi] DEBUG: SENDING...[129] (../lib/sbi/client.c:432)
04/02 15:36:08.292: [sbi] DEBUG: [{
		"op":	"replace",
		"path":	"/nfStatus",
		"value":	"REGISTERED"
	}, {
		"op":	"replace",
		"path":	"/load",
		"value":	0
	}] (../lib/sbi/client.c:434)
04/02 15:36:08.294: [sbi] DEBUG: [204:PATCH] http://open5gs-scp/nnrf-nfm/v1/nf-instances/fc3d9036-d16b-41ed-8c10-d9e16a20cc20 (../lib/sbi/client.c:603)
04/02 15:36:08.294: [sbi] DEBUG: RECEIVED[0] (../lib/sbi/client.c:614)
04/02 15:36:08.294: [amf] DEBUG: amf_state_operational(): OGS_EVENT_NAME_SBI_CLIENT (../src/amf/amf-sm.c:78)
04/02 15:36:08.294: [sbi] DEBUG: ogs_sbi_nf_state_registered(): OGS_EVENT_NAME_SBI_CLIENT (../lib/sbi/nf-sm.c:204)
04/02 15:36:18.292: [amf] DEBUG: amf_state_operational(): OGS_EVENT_NAME_SBI_TIMER (../src/amf/amf-sm.c:78)
04/02 15:36:18.292: [sbi] DEBUG: ogs_sbi_nf_state_registered(): OGS_EVENT_NAME_SBI_TIMER (../lib/sbi/nf-sm.c:204)
04/02 15:36:18.292: [sbi] DEBUG: [PATCH] http://open5gs-scp/nnrf-nfm/v1/nf-instances/fc3d9036-d16b-41ed-8c10-d9e16a20cc20 (../lib/sbi/client.c:656)
04/02 15:36:18.292: [sbi] DEBUG: SENDING...[129] (../lib/sbi/client.c:432)
04/02 15:36:18.292: [sbi] DEBUG: [{
		"op":	"replace",
		"path":	"/nfStatus",
		"value":	"REGISTERED"
	}, {
		"op":	"replace",
		"path":	"/load",
		"value":	0
	}] (../lib/sbi/client.c:434)
04/02 15:36:18.295: [sbi] DEBUG: [204:PATCH] http://open5gs-scp/nnrf-nfm/v1/nf-instances/fc3d9036-d16b-41ed-8c10-d9e16a20cc20 (../lib/sbi/client.c:603)
04/02 15:36:18.295: [sbi] DEBUG: RECEIVED[0] (../lib/sbi/client.c:614)
04/02 15:36:18.295: [amf] DEBUG: amf_state_operational(): OGS_EVENT_NAME_SBI_CLIENT (../src/amf/amf-sm.c:78)
04/02 15:36:18.295: [sbi] DEBUG: ogs_sbi_nf_state_registered(): OGS_EVENT_NAME_SBI_CLIENT (../lib/sbi/nf-sm.c:204)
04/02 15:36:28.300: [amf] DEBUG: amf_state_operational(): OGS_EVENT_NAME_SBI_TIMER (../src/amf/amf-sm.c:78)
04/02 15:36:28.300: [sbi] DEBUG: ogs_sbi_nf_state_registered(): OGS_EVENT_NAME_SBI_TIMER (../lib/sbi/nf-sm.c:204)
04/02 15:36:28.300: [sbi] DEBUG: [PATCH] http://open5gs-scp/nnrf-nfm/v1/nf-instances/fc3d9036-d16b-41ed-8c10-d9e16a20cc20 (../lib/sbi/client.c:656)
04/02 15:36:28.301: [sbi] DEBUG: SENDING...[129] (../lib/sbi/client.c:432)
04/02 15:36:28.301: [sbi] DEBUG: [{
		"op":	"replace",
		"path":	"/nfStatus",
		"value":	"REGISTERED"
	}, {
		"op":	"replace",
		"path":	"/load",
		"value":	0
	}] (../lib/sbi/client.c:434)
04/02 15:36:28.303: [sbi] DEBUG: [204:PATCH] http://open5gs-scp/nnrf-nfm/v1/nf-instances/fc3d9036-d16b-41ed-8c10-d9e16a20cc20 (../lib/sbi/client.c:603)
04/02 15:36:28.303: [sbi] DEBUG: RECEIVED[0] (../lib/sbi/client.c:614)
04/02 15:36:28.303: [amf] DEBUG: amf_state_operational(): OGS_EVENT_NAME_SBI_CLIENT (../src/amf/amf-sm.c:78)
04/02 15:36:28.303: [sbi] DEBUG: ogs_sbi_nf_state_registered(): OGS_EVENT_NAME_SBI_CLIENT (../lib/sbi/nf-sm.c:204)
04/02 15:36:38.308: [amf] DEBUG: amf_state_operational(): OGS_EVENT_NAME_SBI_TIMER (../src/amf/amf-sm.c:78)
04/02 15:36:38.308: [sbi] DEBUG: ogs_sbi_nf_state_registered(): OGS_EVENT_NAME_SBI_TIMER (../lib/sbi/nf-sm.c:204)
04/02 15:36:38.308: [sbi] DEBUG: [PATCH] http://open5gs-scp/nnrf-nfm/v1/nf-instances/fc3d9036-d16b-41ed-8c10-d9e16a20cc20 (../lib/sbi/client.c:656)
04/02 15:36:38.308: [sbi] DEBUG: SENDING...[129] (../lib/sbi/client.c:432)
04/02 15:36:38.308: [sbi] DEBUG: [{
		"op":	"replace",
		"path":	"/nfStatus",
		"value":	"REGISTERED"
	}, {
		"op":	"replace",
		"path":	"/load",
		"value":	0
	}] (../lib/sbi/client.c:434)
04/02 15:36:38.311: [sbi] DEBUG: [204:PATCH] http://open5gs-scp/nnrf-nfm/v1/nf-instances/fc3d9036-d16b-41ed-8c10-d9e16a20cc20 (../lib/sbi/client.c:603)
04/02 15:36:38.311: [sbi] DEBUG: RECEIVED[0] (../lib/sbi/client.c:614)
04/02 15:36:38.311: [amf] DEBUG: amf_state_operational(): OGS_EVENT_NAME_SBI_CLIENT (../src/amf/amf-sm.c:78)
04/02 15:36:38.311: [sbi] DEBUG: ogs_sbi_nf_state_registered(): OGS_EVENT_NAME_SBI_CLIENT (../lib/sbi/nf-sm.c:204)
04/02 15:36:48.311: [amf] DEBUG: amf_state_operational(): OGS_EVENT_NAME_SBI_TIMER (../src/amf/amf-sm.c:78)
04/02 15:36:48.311: [sbi] DEBUG: ogs_sbi_nf_state_registered(): OGS_EVENT_NAME_SBI_TIMER (../lib/sbi/nf-sm.c:204)
04/02 15:36:48.312: [sbi] DEBUG: [PATCH] http://open5gs-scp/nnrf-nfm/v1/nf-instances/fc3d9036-d16b-41ed-8c10-d9e16a20cc20 (../lib/sbi/client.c:656)
04/02 15:36:48.312: [sbi] DEBUG: SENDING...[129] (../lib/sbi/client.c:432)
04/02 15:36:48.312: [sbi] DEBUG: [{
		"op":	"replace",
		"path":	"/nfStatus",
		"value":	"REGISTERED"
	}, {
		"op":	"replace",
		"path":	"/load",
		"value":	0
	}] (../lib/sbi/client.c:434)
04/02 15:36:48.314: [sbi] DEBUG: [204:PATCH] http://open5gs-scp/nnrf-nfm/v1/nf-instances/fc3d9036-d16b-41ed-8c10-d9e16a20cc20 (../lib/sbi/client.c:603)
04/02 15:36:48.314: [sbi] DEBUG: RECEIVED[0] (../lib/sbi/client.c:614)
04/02 15:36:48.314: [amf] DEBUG: amf_state_operational(): OGS_EVENT_NAME_SBI_CLIENT (../src/amf/amf-sm.c:78)
04/02 15:36:48.314: [sbi] DEBUG: ogs_sbi_nf_state_registered(): OGS_EVENT_NAME_SBI_CLIENT (../lib/sbi/nf-sm.c:204)
04/02 15:36:58.320: [amf] DEBUG: amf_state_operational(): OGS_EVENT_NAME_SBI_TIMER (../src/amf/amf-sm.c:78)
04/02 15:36:58.320: [sbi] DEBUG: ogs_sbi_nf_state_registered(): OGS_EVENT_NAME_SBI_TIMER (../lib/sbi/nf-sm.c:204)
04/02 15:36:58.320: [sbi] DEBUG: [PATCH] http://open5gs-scp/nnrf-nfm/v1/nf-instances/fc3d9036-d16b-41ed-8c10-d9e16a20cc20 (../lib/sbi/client.c:656)
04/02 15:36:58.320: [sbi] DEBUG: SENDING...[129] (../lib/sbi/client.c:432)
04/02 15:36:58.320: [sbi] DEBUG: [{
		"op":	"replace",
		"path":	"/nfStatus",
		"value":	"REGISTERED"
	}, {
		"op":	"replace",
		"path":	"/load",
		"value":	0
	}] (../lib/sbi/client.c:434)
04/02 15:36:58.322: [sbi] DEBUG: [204:PATCH] http://open5gs-scp/nnrf-nfm/v1/nf-instances/fc3d9036-d16b-41ed-8c10-d9e16a20cc20 (../lib/sbi/client.c:603)
04/02 15:36:58.322: [sbi] DEBUG: RECEIVED[0] (../lib/sbi/client.c:614)
04/02 15:36:58.322: [amf] DEBUG: amf_state_operational(): OGS_EVENT_NAME_SBI_CLIENT (../src/amf/amf-sm.c:78)
04/02 15:36:58.322: [sbi] DEBUG: ogs_sbi_nf_state_registered(): OGS_EVENT_NAME_SBI_CLIENT (../lib/sbi/nf-sm.c:204)
04/02 15:37:08.324: [amf] DEBUG: amf_state_operational(): OGS_EVENT_NAME_SBI_TIMER (../src/amf/amf-sm.c:78)
04/02 15:37:08.324: [sbi] DEBUG: ogs_sbi_nf_state_registered(): OGS_EVENT_NAME_SBI_TIMER (../lib/sbi/nf-sm.c:204)
04/02 15:37:08.324: [sbi] DEBUG: [PATCH] http://open5gs-scp/nnrf-nfm/v1/nf-instances/fc3d9036-d16b-41ed-8c10-d9e16a20cc20 (../lib/sbi/client.c:656)
04/02 15:37:08.325: [sbi] DEBUG: SENDING...[129] (../lib/sbi/client.c:432)
04/02 15:37:08.325: [sbi] DEBUG: [{
		"op":	"replace",
		"path":	"/nfStatus",
		"value":	"REGISTERED"
	}, {
		"op":	"replace",
		"path":	"/load",
		"value":	0
	}] (../lib/sbi/client.c:434)
04/02 15:37:08.327: [sbi] DEBUG: [204:PATCH] http://open5gs-scp/nnrf-nfm/v1/nf-instances/fc3d9036-d16b-41ed-8c10-d9e16a20cc20 (../lib/sbi/client.c:603)
04/02 15:37:08.327: [sbi] DEBUG: RECEIVED[0] (../lib/sbi/client.c:614)
04/02 15:37:08.327: [amf] DEBUG: amf_state_operational(): OGS_EVENT_NAME_SBI_CLIENT (../src/amf/amf-sm.c:78)
04/02 15:37:08.327: [sbi] DEBUG: ogs_sbi_nf_state_registered(): OGS_EVENT_NAME_SBI_CLIENT (../lib/sbi/nf-sm.c:204)
04/02 15:37:18.328: [amf] DEBUG: amf_state_operational(): OGS_EVENT_NAME_SBI_TIMER (../src/amf/amf-sm.c:78)
04/02 15:37:18.328: [sbi] DEBUG: ogs_sbi_nf_state_registered(): OGS_EVENT_NAME_SBI_TIMER (../lib/sbi/nf-sm.c:204)
04/02 15:37:18.329: [sbi] DEBUG: [PATCH] http://open5gs-scp/nnrf-nfm/v1/nf-instances/fc3d9036-d16b-41ed-8c10-d9e16a20cc20 (../lib/sbi/client.c:656)
04/02 15:37:18.329: [sbi] DEBUG: SENDING...[129] (../lib/sbi/client.c:432)
04/02 15:37:18.329: [sbi] DEBUG: [{
		"op":	"replace",
		"path":	"/nfStatus",
		"value":	"REGISTERED"
	}, {
		"op":	"replace",
		"path":	"/load",
		"value":	0
	}] (../lib/sbi/client.c:434)
04/02 15:37:18.331: [sbi] DEBUG: [204:PATCH] http://open5gs-scp/nnrf-nfm/v1/nf-instances/fc3d9036-d16b-41ed-8c10-d9e16a20cc20 (../lib/sbi/client.c:603)
04/02 15:37:18.331: [sbi] DEBUG: RECEIVED[0] (../lib/sbi/client.c:614)
04/02 15:37:18.331: [amf] DEBUG: amf_state_operational(): OGS_EVENT_NAME_SBI_CLIENT (../src/amf/amf-sm.c:78)
04/02 15:37:18.331: [sbi] DEBUG: ogs_sbi_nf_state_registered(): OGS_EVENT_NAME_SBI_CLIENT (../lib/sbi/nf-sm.c:204)
04/02 15:37:28.337: [amf] DEBUG: amf_state_operational(): OGS_EVENT_NAME_SBI_TIMER (../src/amf/amf-sm.c:78)
04/02 15:37:28.337: [sbi] DEBUG: ogs_sbi_nf_state_registered(): OGS_EVENT_NAME_SBI_TIMER (../lib/sbi/nf-sm.c:204)
04/02 15:37:28.337: [sbi] DEBUG: [PATCH] http://open5gs-scp/nnrf-nfm/v1/nf-instances/fc3d9036-d16b-41ed-8c10-d9e16a20cc20 (../lib/sbi/client.c:656)
04/02 15:37:28.337: [sbi] DEBUG: SENDING...[129] (../lib/sbi/client.c:432)
04/02 15:37:28.337: [sbi] DEBUG: [{
		"op":	"replace",
		"path":	"/nfStatus",
		"value":	"REGISTERED"
	}, {
		"op":	"replace",
		"path":	"/load",
		"value":	0
	}] (../lib/sbi/client.c:434)
04/02 15:37:28.339: [sbi] DEBUG: [204:PATCH] http://open5gs-scp/nnrf-nfm/v1/nf-instances/fc3d9036-d16b-41ed-8c10-d9e16a20cc20 (../lib/sbi/client.c:603)
04/02 15:37:28.339: [sbi] DEBUG: RECEIVED[0] (../lib/sbi/client.c:614)
04/02 15:37:28.339: [amf] DEBUG: amf_state_operational(): OGS_EVENT_NAME_SBI_CLIENT (../src/amf/amf-sm.c:78)
04/02 15:37:28.340: [sbi] DEBUG: ogs_sbi_nf_state_registered(): OGS_EVENT_NAME_SBI_CLIENT (../lib/sbi/nf-sm.c:204)
04/02 15:37:38.344: [amf] DEBUG: amf_state_operational(): OGS_EVENT_NAME_SBI_TIMER (../src/amf/amf-sm.c:78)
04/02 15:37:38.344: [sbi] DEBUG: ogs_sbi_nf_state_registered(): OGS_EVENT_NAME_SBI_TIMER (../lib/sbi/nf-sm.c:204)
04/02 15:37:38.344: [sbi] DEBUG: [PATCH] http://open5gs-scp/nnrf-nfm/v1/nf-instances/fc3d9036-d16b-41ed-8c10-d9e16a20cc20 (../lib/sbi/client.c:656)
04/02 15:37:38.344: [sbi] DEBUG: SENDING...[129] (../lib/sbi/client.c:432)
04/02 15:37:38.345: [sbi] DEBUG: [{
		"op":	"replace",
		"path":	"/nfStatus",
		"value":	"REGISTERED"
	}, {
		"op":	"replace",
		"path":	"/load",
		"value":	0
	}] (../lib/sbi/client.c:434)
04/02 15:37:38.347: [sbi] DEBUG: [204:PATCH] http://open5gs-scp/nnrf-nfm/v1/nf-instances/fc3d9036-d16b-41ed-8c10-d9e16a20cc20 (../lib/sbi/client.c:603)
04/02 15:37:38.347: [sbi] DEBUG: RECEIVED[0] (../lib/sbi/client.c:614)
04/02 15:37:38.347: [amf] DEBUG: amf_state_operational(): OGS_EVENT_NAME_SBI_CLIENT (../src/amf/amf-sm.c:78)
04/02 15:37:38.347: [sbi] DEBUG: ogs_sbi_nf_state_registered(): OGS_EVENT_NAME_SBI_CLIENT (../lib/sbi/nf-sm.c:204)
04/02 15:37:48.348: [amf] DEBUG: amf_state_operational(): OGS_EVENT_NAME_SBI_TIMER (../src/amf/amf-sm.c:78)
04/02 15:37:48.348: [sbi] DEBUG: ogs_sbi_nf_state_registered(): OGS_EVENT_NAME_SBI_TIMER (../lib/sbi/nf-sm.c:204)
04/02 15:37:48.348: [sbi] DEBUG: [PATCH] http://open5gs-scp/nnrf-nfm/v1/nf-instances/fc3d9036-d16b-41ed-8c10-d9e16a20cc20 (../lib/sbi/client.c:656)
04/02 15:37:48.348: [sbi] DEBUG: SENDING...[129] (../lib/sbi/client.c:432)
04/02 15:37:48.348: [sbi] DEBUG: [{
		"op":	"replace",
		"path":	"/nfStatus",
		"value":	"REGISTERED"
	}, {
		"op":	"replace",
		"path":	"/load",
		"value":	0
	}] (../lib/sbi/client.c:434)
04/02 15:37:48.350: [sbi] DEBUG: [204:PATCH] http://open5gs-scp/nnrf-nfm/v1/nf-instances/fc3d9036-d16b-41ed-8c10-d9e16a20cc20 (../lib/sbi/client.c:603)
04/02 15:37:48.350: [sbi] DEBUG: RECEIVED[0] (../lib/sbi/client.c:614)
04/02 15:37:48.350: [amf] DEBUG: amf_state_operational(): OGS_EVENT_NAME_SBI_CLIENT (../src/amf/amf-sm.c:78)
04/02 15:37:48.350: [sbi] DEBUG: ogs_sbi_nf_state_registered(): OGS_EVENT_NAME_SBI_CLIENT (../lib/sbi/nf-sm.c:204)
04/02 15:37:58.356: [amf] DEBUG: amf_state_operational(): OGS_EVENT_NAME_SBI_TIMER (../src/amf/amf-sm.c:78)
04/02 15:37:58.357: [sbi] DEBUG: ogs_sbi_nf_state_registered(): OGS_EVENT_NAME_SBI_TIMER (../lib/sbi/nf-sm.c:204)
04/02 15:37:58.357: [sbi] DEBUG: [PATCH] http://open5gs-scp/nnrf-nfm/v1/nf-instances/fc3d9036-d16b-41ed-8c10-d9e16a20cc20 (../lib/sbi/client.c:656)
04/02 15:37:58.357: [sbi] DEBUG: SENDING...[129] (../lib/sbi/client.c:432)
04/02 15:37:58.357: [sbi] DEBUG: [{
		"op":	"replace",
		"path":	"/nfStatus",
		"value":	"REGISTERED"
	}, {
		"op":	"replace",
		"path":	"/load",
		"value":	0
	}] (../lib/sbi/client.c:434)
04/02 15:37:58.359: [sbi] DEBUG: [204:PATCH] http://open5gs-scp/nnrf-nfm/v1/nf-instances/fc3d9036-d16b-41ed-8c10-d9e16a20cc20 (../lib/sbi/client.c:603)
04/02 15:37:58.359: [sbi] DEBUG: RECEIVED[0] (../lib/sbi/client.c:614)
04/02 15:37:58.359: [amf] DEBUG: amf_state_operational(): OGS_EVENT_NAME_SBI_CLIENT (../src/amf/amf-sm.c:78)
04/02 15:37:58.359: [sbi] DEBUG: ogs_sbi_nf_state_registered(): OGS_EVENT_NAME_SBI_CLIENT (../lib/sbi/nf-sm.c:204)
04/02 15:38:08.360: [amf] DEBUG: amf_state_operational(): OGS_EVENT_NAME_SBI_TIMER (../src/amf/amf-sm.c:78)
04/02 15:38:08.360: [sbi] DEBUG: ogs_sbi_nf_state_registered(): OGS_EVENT_NAME_SBI_TIMER (../lib/sbi/nf-sm.c:204)
04/02 15:38:08.360: [sbi] DEBUG: [PATCH] http://open5gs-scp/nnrf-nfm/v1/nf-instances/fc3d9036-d16b-41ed-8c10-d9e16a20cc20 (../lib/sbi/client.c:656)
04/02 15:38:08.360: [sbi] DEBUG: SENDING...[129] (../lib/sbi/client.c:432)
04/02 15:38:08.360: [sbi] DEBUG: [{
		"op":	"replace",
		"path":	"/nfStatus",
		"value":	"REGISTERED"
	}, {
		"op":	"replace",
		"path":	"/load",
		"value":	0
	}] (../lib/sbi/client.c:434)
04/02 15:38:08.362: [sbi] DEBUG: [204:PATCH] http://open5gs-scp/nnrf-nfm/v1/nf-instances/fc3d9036-d16b-41ed-8c10-d9e16a20cc20 (../lib/sbi/client.c:603)
04/02 15:38:08.362: [sbi] DEBUG: RECEIVED[0] (../lib/sbi/client.c:614)
04/02 15:38:08.362: [amf] DEBUG: amf_state_operational(): OGS_EVENT_NAME_SBI_CLIENT (../src/amf/amf-sm.c:78)
04/02 15:38:08.362: [sbi] DEBUG: ogs_sbi_nf_state_registered(): OGS_EVENT_NAME_SBI_CLIENT (../lib/sbi/nf-sm.c:204)
04/02 15:38:18.364: [amf] DEBUG: amf_state_operational(): OGS_EVENT_NAME_SBI_TIMER (../src/amf/amf-sm.c:78)
04/02 15:38:18.364: [sbi] DEBUG: ogs_sbi_nf_state_registered(): OGS_EVENT_NAME_SBI_TIMER (../lib/sbi/nf-sm.c:204)
04/02 15:38:18.364: [sbi] DEBUG: [PATCH] http://open5gs-scp/nnrf-nfm/v1/nf-instances/fc3d9036-d16b-41ed-8c10-d9e16a20cc20 (../lib/sbi/client.c:656)
04/02 15:38:18.364: [sbi] DEBUG: SENDING...[129] (../lib/sbi/client.c:432)
04/02 15:38:18.364: [sbi] DEBUG: [{
		"op":	"replace",
		"path":	"/nfStatus",
		"value":	"REGISTERED"
	}, {
		"op":	"replace",
		"path":	"/load",
		"value":	0
	}] (../lib/sbi/client.c:434)
04/02 15:38:18.367: [sbi] DEBUG: [204:PATCH] http://open5gs-scp/nnrf-nfm/v1/nf-instances/fc3d9036-d16b-41ed-8c10-d9e16a20cc20 (../lib/sbi/client.c:603)
04/02 15:38:18.367: [sbi] DEBUG: RECEIVED[0] (../lib/sbi/client.c:614)
04/02 15:38:18.367: [amf] DEBUG: amf_state_operational(): OGS_EVENT_NAME_SBI_CLIENT (../src/amf/amf-sm.c:78)
04/02 15:38:18.367: [sbi] DEBUG: ogs_sbi_nf_state_registered(): OGS_EVENT_NAME_SBI_CLIENT (../lib/sbi/nf-sm.c:204)
04/02 15:38:28.372: [amf] DEBUG: amf_state_operational(): OGS_EVENT_NAME_SBI_TIMER (../src/amf/amf-sm.c:78)
04/02 15:38:28.372: [sbi] DEBUG: ogs_sbi_nf_state_registered(): OGS_EVENT_NAME_SBI_TIMER (../lib/sbi/nf-sm.c:204)
04/02 15:38:28.372: [sbi] DEBUG: [PATCH] http://open5gs-scp/nnrf-nfm/v1/nf-instances/fc3d9036-d16b-41ed-8c10-d9e16a20cc20 (../lib/sbi/client.c:656)
04/02 15:38:28.372: [sbi] DEBUG: SENDING...[129] (../lib/sbi/client.c:432)
04/02 15:38:28.372: [sbi] DEBUG: [{
		"op":	"replace",
		"path":	"/nfStatus",
		"value":	"REGISTERED"
	}, {
		"op":	"replace",
		"path":	"/load",
		"value":	0
	}] (../lib/sbi/client.c:434)
04/02 15:38:28.375: [sbi] DEBUG: [204:PATCH] http://open5gs-scp/nnrf-nfm/v1/nf-instances/fc3d9036-d16b-41ed-8c10-d9e16a20cc20 (../lib/sbi/client.c:603)
04/02 15:38:28.375: [sbi] DEBUG: RECEIVED[0] (../lib/sbi/client.c:614)
04/02 15:38:28.375: [amf] DEBUG: amf_state_operational(): OGS_EVENT_NAME_SBI_CLIENT (../src/amf/amf-sm.c:78)
04/02 15:38:28.375: [sbi] DEBUG: ogs_sbi_nf_state_registered(): OGS_EVENT_NAME_SBI_CLIENT (../lib/sbi/nf-sm.c:204)
04/02 15:38:38.379: [amf] DEBUG: amf_state_operational(): OGS_EVENT_NAME_SBI_TIMER (../src/amf/amf-sm.c:78)
04/02 15:38:38.379: [sbi] DEBUG: ogs_sbi_nf_state_registered(): OGS_EVENT_NAME_SBI_TIMER (../lib/sbi/nf-sm.c:204)
04/02 15:38:38.379: [sbi] DEBUG: [PATCH] http://open5gs-scp/nnrf-nfm/v1/nf-instances/fc3d9036-d16b-41ed-8c10-d9e16a20cc20 (../lib/sbi/client.c:656)
04/02 15:38:38.379: [sbi] DEBUG: SENDING...[129] (../lib/sbi/client.c:432)
04/02 15:38:38.379: [sbi] DEBUG: [{
		"op":	"replace",
		"path":	"/nfStatus",
		"value":	"REGISTERED"
	}, {
		"op":	"replace",
		"path":	"/load",
		"value":	0
	}] (../lib/sbi/client.c:434)
04/02 15:38:38.382: [sbi] DEBUG: [204:PATCH] http://open5gs-scp/nnrf-nfm/v1/nf-instances/fc3d9036-d16b-41ed-8c10-d9e16a20cc20 (../lib/sbi/client.c:603)
04/02 15:38:38.382: [sbi] DEBUG: RECEIVED[0] (../lib/sbi/client.c:614)
04/02 15:38:38.382: [amf] DEBUG: amf_state_operational(): OGS_EVENT_NAME_SBI_CLIENT (../src/amf/amf-sm.c:78)
04/02 15:38:38.382: [sbi] DEBUG: ogs_sbi_nf_state_registered(): OGS_EVENT_NAME_SBI_CLIENT (../lib/sbi/nf-sm.c:204)
04/02 15:38:48.383: [amf] DEBUG: amf_state_operational(): OGS_EVENT_NAME_SBI_TIMER (../src/amf/amf-sm.c:78)
04/02 15:38:48.383: [sbi] DEBUG: ogs_sbi_nf_state_registered(): OGS_EVENT_NAME_SBI_TIMER (../lib/sbi/nf-sm.c:204)
04/02 15:38:48.383: [sbi] DEBUG: [PATCH] http://open5gs-scp/nnrf-nfm/v1/nf-instances/fc3d9036-d16b-41ed-8c10-d9e16a20cc20 (../lib/sbi/client.c:656)
04/02 15:38:48.383: [sbi] DEBUG: SENDING...[129] (../lib/sbi/client.c:432)
04/02 15:38:48.383: [sbi] DEBUG: [{
		"op":	"replace",
		"path":	"/nfStatus",
		"value":	"REGISTERED"
	}, {
		"op":	"replace",
		"path":	"/load",
		"value":	0
	}] (../lib/sbi/client.c:434)
04/02 15:38:48.387: [sbi] DEBUG: [204:PATCH] http://open5gs-scp/nnrf-nfm/v1/nf-instances/fc3d9036-d16b-41ed-8c10-d9e16a20cc20 (../lib/sbi/client.c:603)
04/02 15:38:48.387: [sbi] DEBUG: RECEIVED[0] (../lib/sbi/client.c:614)
04/02 15:38:48.387: [amf] DEBUG: amf_state_operational(): OGS_EVENT_NAME_SBI_CLIENT (../src/amf/amf-sm.c:78)
04/02 15:38:48.387: [sbi] DEBUG: ogs_sbi_nf_state_registered(): OGS_EVENT_NAME_SBI_CLIENT (../lib/sbi/nf-sm.c:204)
04/02 15:38:58.389: [amf] DEBUG: amf_state_operational(): OGS_EVENT_NAME_SBI_TIMER (../src/amf/amf-sm.c:78)
04/02 15:38:58.389: [sbi] DEBUG: ogs_sbi_nf_state_registered(): OGS_EVENT_NAME_SBI_TIMER (../lib/sbi/nf-sm.c:204)
04/02 15:38:58.389: [sbi] DEBUG: [PATCH] http://open5gs-scp/nnrf-nfm/v1/nf-instances/fc3d9036-d16b-41ed-8c10-d9e16a20cc20 (../lib/sbi/client.c:656)
04/02 15:38:58.389: [sbi] DEBUG: SENDING...[129] (../lib/sbi/client.c:432)
04/02 15:38:58.389: [sbi] DEBUG: [{
		"op":	"replace",
		"path":	"/nfStatus",
		"value":	"REGISTERED"
	}, {
		"op":	"replace",
		"path":	"/load",
		"value":	0
	}] (../lib/sbi/client.c:434)
04/02 15:38:58.391: [sbi] DEBUG: [204:PATCH] http://open5gs-scp/nnrf-nfm/v1/nf-instances/fc3d9036-d16b-41ed-8c10-d9e16a20cc20 (../lib/sbi/client.c:603)
04/02 15:38:58.391: [sbi] DEBUG: RECEIVED[0] (../lib/sbi/client.c:614)
04/02 15:38:58.391: [amf] DEBUG: amf_state_operational(): OGS_EVENT_NAME_SBI_CLIENT (../src/amf/amf-sm.c:78)
04/02 15:38:58.392: [sbi] DEBUG: ogs_sbi_nf_state_registered(): OGS_EVENT_NAME_SBI_CLIENT (../lib/sbi/nf-sm.c:204)
04/02 15:39:08.392: [amf] DEBUG: amf_state_operational(): OGS_EVENT_NAME_SBI_TIMER (../src/amf/amf-sm.c:78)
04/02 15:39:08.392: [sbi] DEBUG: ogs_sbi_nf_state_registered(): OGS_EVENT_NAME_SBI_TIMER (../lib/sbi/nf-sm.c:204)
04/02 15:39:08.392: [sbi] DEBUG: [PATCH] http://open5gs-scp/nnrf-nfm/v1/nf-instances/fc3d9036-d16b-41ed-8c10-d9e16a20cc20 (../lib/sbi/client.c:656)
04/02 15:39:08.393: [sbi] DEBUG: SENDING...[129] (../lib/sbi/client.c:432)
04/02 15:39:08.393: [sbi] DEBUG: [{
		"op":	"replace",
		"path":	"/nfStatus",
		"value":	"REGISTERED"
	}, {
		"op":	"replace",
		"path":	"/load",
		"value":	0
	}] (../lib/sbi/client.c:434)
04/02 15:39:08.395: [sbi] DEBUG: [204:PATCH] http://open5gs-scp/nnrf-nfm/v1/nf-instances/fc3d9036-d16b-41ed-8c10-d9e16a20cc20 (../lib/sbi/client.c:603)
04/02 15:39:08.395: [sbi] DEBUG: RECEIVED[0] (../lib/sbi/client.c:614)
04/02 15:39:08.395: [amf] DEBUG: amf_state_operational(): OGS_EVENT_NAME_SBI_CLIENT (../src/amf/amf-sm.c:78)
04/02 15:39:08.395: [sbi] DEBUG: ogs_sbi_nf_state_registered(): OGS_EVENT_NAME_SBI_CLIENT (../lib/sbi/nf-sm.c:204)
04/02 15:39:18.396: [amf] DEBUG: amf_state_operational(): OGS_EVENT_NAME_SBI_TIMER (../src/amf/amf-sm.c:78)
04/02 15:39:18.396: [sbi] DEBUG: ogs_sbi_nf_state_registered(): OGS_EVENT_NAME_SBI_TIMER (../lib/sbi/nf-sm.c:204)
04/02 15:39:18.396: [sbi] DEBUG: [PATCH] http://open5gs-scp/nnrf-nfm/v1/nf-instances/fc3d9036-d16b-41ed-8c10-d9e16a20cc20 (../lib/sbi/client.c:656)
04/02 15:39:18.396: [sbi] DEBUG: SENDING...[129] (../lib/sbi/client.c:432)
04/02 15:39:18.396: [sbi] DEBUG: [{
		"op":	"replace",
		"path":	"/nfStatus",
		"value":	"REGISTERED"
	}, {
		"op":	"replace",
		"path":	"/load",
		"value":	0
	}] (../lib/sbi/client.c:434)
04/02 15:39:18.398: [sbi] DEBUG: [204:PATCH] http://open5gs-scp/nnrf-nfm/v1/nf-instances/fc3d9036-d16b-41ed-8c10-d9e16a20cc20 (../lib/sbi/client.c:603)
04/02 15:39:18.398: [sbi] DEBUG: RECEIVED[0] (../lib/sbi/client.c:614)
04/02 15:39:18.398: [amf] DEBUG: amf_state_operational(): OGS_EVENT_NAME_SBI_CLIENT (../src/amf/amf-sm.c:78)
04/02 15:39:18.398: [sbi] DEBUG: ogs_sbi_nf_state_registered(): OGS_EVENT_NAME_SBI_CLIENT (../lib/sbi/nf-sm.c:204)
04/02 15:39:28.404: [amf] DEBUG: amf_state_operational(): OGS_EVENT_NAME_SBI_TIMER (../src/amf/amf-sm.c:78)
04/02 15:39:28.404: [sbi] DEBUG: ogs_sbi_nf_state_registered(): OGS_EVENT_NAME_SBI_TIMER (../lib/sbi/nf-sm.c:204)
04/02 15:39:28.404: [sbi] DEBUG: [PATCH] http://open5gs-scp/nnrf-nfm/v1/nf-instances/fc3d9036-d16b-41ed-8c10-d9e16a20cc20 (../lib/sbi/client.c:656)
04/02 15:39:28.405: [sbi] DEBUG: SENDING...[129] (../lib/sbi/client.c:432)
04/02 15:39:28.405: [sbi] DEBUG: [{
		"op":	"replace",
		"path":	"/nfStatus",
		"value":	"REGISTERED"
	}, {
		"op":	"replace",
		"path":	"/load",
		"value":	0
	}] (../lib/sbi/client.c:434)
04/02 15:39:28.407: [sbi] DEBUG: [204:PATCH] http://open5gs-scp/nnrf-nfm/v1/nf-instances/fc3d9036-d16b-41ed-8c10-d9e16a20cc20 (../lib/sbi/client.c:603)
04/02 15:39:28.407: [sbi] DEBUG: RECEIVED[0] (../lib/sbi/client.c:614)
04/02 15:39:28.407: [amf] DEBUG: amf_state_operational(): OGS_EVENT_NAME_SBI_CLIENT (../src/amf/amf-sm.c:78)
04/02 15:39:28.407: [sbi] DEBUG: ogs_sbi_nf_state_registered(): OGS_EVENT_NAME_SBI_CLIENT (../lib/sbi/nf-sm.c:204)
04/02 15:39:38.411: [amf] DEBUG: amf_state_operational(): OGS_EVENT_NAME_SBI_TIMER (../src/amf/amf-sm.c:78)
04/02 15:39:38.411: [sbi] DEBUG: ogs_sbi_nf_state_registered(): OGS_EVENT_NAME_SBI_TIMER (../lib/sbi/nf-sm.c:204)
04/02 15:39:38.411: [sbi] DEBUG: [PATCH] http://open5gs-scp/nnrf-nfm/v1/nf-instances/fc3d9036-d16b-41ed-8c10-d9e16a20cc20 (../lib/sbi/client.c:656)
04/02 15:39:38.411: [sbi] DEBUG: SENDING...[129] (../lib/sbi/client.c:432)
04/02 15:39:38.411: [sbi] DEBUG: [{
		"op":	"replace",
		"path":	"/nfStatus",
		"value":	"REGISTERED"
	}, {
		"op":	"replace",
		"path":	"/load",
		"value":	0
	}] (../lib/sbi/client.c:434)
04/02 15:39:38.413: [sbi] DEBUG: [204:PATCH] http://open5gs-scp/nnrf-nfm/v1/nf-instances/fc3d9036-d16b-41ed-8c10-d9e16a20cc20 (../lib/sbi/client.c:603)
04/02 15:39:38.413: [sbi] DEBUG: RECEIVED[0] (../lib/sbi/client.c:614)
04/02 15:39:38.413: [amf] DEBUG: amf_state_operational(): OGS_EVENT_NAME_SBI_CLIENT (../src/amf/amf-sm.c:78)
04/02 15:39:38.413: [sbi] DEBUG: ogs_sbi_nf_state_registered(): OGS_EVENT_NAME_SBI_CLIENT (../lib/sbi/nf-sm.c:204)
04/02 15:39:48.412: [amf] DEBUG: amf_state_operational(): OGS_EVENT_NAME_SBI_TIMER (../src/amf/amf-sm.c:78)
04/02 15:39:48.412: [sbi] DEBUG: ogs_sbi_nf_state_registered(): OGS_EVENT_NAME_SBI_TIMER (../lib/sbi/nf-sm.c:204)
04/02 15:39:48.412: [sbi] DEBUG: [PATCH] http://open5gs-scp/nnrf-nfm/v1/nf-instances/fc3d9036-d16b-41ed-8c10-d9e16a20cc20 (../lib/sbi/client.c:656)
04/02 15:39:48.412: [sbi] DEBUG: SENDING...[129] (../lib/sbi/client.c:432)
04/02 15:39:48.412: [sbi] DEBUG: [{
		"op":	"replace",
		"path":	"/nfStatus",
		"value":	"REGISTERED"
	}, {
		"op":	"replace",
		"path":	"/load",
		"value":	0
	}] (../lib/sbi/client.c:434)
04/02 15:39:48.414: [sbi] DEBUG: [204:PATCH] http://open5gs-scp/nnrf-nfm/v1/nf-instances/fc3d9036-d16b-41ed-8c10-d9e16a20cc20 (../lib/sbi/client.c:603)
04/02 15:39:48.414: [sbi] DEBUG: RECEIVED[0] (../lib/sbi/client.c:614)
04/02 15:39:48.414: [amf] DEBUG: amf_state_operational(): OGS_EVENT_NAME_SBI_CLIENT (../src/amf/amf-sm.c:78)
04/02 15:39:48.414: [sbi] DEBUG: ogs_sbi_nf_state_registered(): OGS_EVENT_NAME_SBI_CLIENT (../lib/sbi/nf-sm.c:204)
04/02 15:39:58.420: [amf] DEBUG: amf_state_operational(): OGS_EVENT_NAME_SBI_TIMER (../src/amf/amf-sm.c:78)
04/02 15:39:58.420: [sbi] DEBUG: ogs_sbi_nf_state_registered(): OGS_EVENT_NAME_SBI_TIMER (../lib/sbi/nf-sm.c:204)
04/02 15:39:58.420: [sbi] DEBUG: [PATCH] http://open5gs-scp/nnrf-nfm/v1/nf-instances/fc3d9036-d16b-41ed-8c10-d9e16a20cc20 (../lib/sbi/client.c:656)
04/02 15:39:58.420: [sbi] DEBUG: SENDING...[129] (../lib/sbi/client.c:432)
04/02 15:39:58.420: [sbi] DEBUG: [{
		"op":	"replace",
		"path":	"/nfStatus",
		"value":	"REGISTERED"
	}, {
		"op":	"replace",
		"path":	"/load",
		"value":	0
	}] (../lib/sbi/client.c:434)
04/02 15:39:58.422: [sbi] DEBUG: [204:PATCH] http://open5gs-scp/nnrf-nfm/v1/nf-instances/fc3d9036-d16b-41ed-8c10-d9e16a20cc20 (../lib/sbi/client.c:603)
04/02 15:39:58.422: [sbi] DEBUG: RECEIVED[0] (../lib/sbi/client.c:614)
04/02 15:39:58.422: [amf] DEBUG: amf_state_operational(): OGS_EVENT_NAME_SBI_CLIENT (../src/amf/amf-sm.c:78)
04/02 15:39:58.422: [sbi] DEBUG: ogs_sbi_nf_state_registered(): OGS_EVENT_NAME_SBI_CLIENT (../lib/sbi/nf-sm.c:204)
04/02 15:40:08.428: [amf] DEBUG: amf_state_operational(): OGS_EVENT_NAME_SBI_TIMER (../src/amf/amf-sm.c:78)
04/02 15:40:08.428: [sbi] DEBUG: ogs_sbi_nf_state_registered(): OGS_EVENT_NAME_SBI_TIMER (../lib/sbi/nf-sm.c:204)
04/02 15:40:08.428: [sbi] DEBUG: [PATCH] http://open5gs-scp/nnrf-nfm/v1/nf-instances/fc3d9036-d16b-41ed-8c10-d9e16a20cc20 (../lib/sbi/client.c:656)
04/02 15:40:08.428: [sbi] DEBUG: SENDING...[129] (../lib/sbi/client.c:432)
04/02 15:40:08.428: [sbi] DEBUG: [{
		"op":	"replace",
		"path":	"/nfStatus",
		"value":	"REGISTERED"
	}, {
		"op":	"replace",
		"path":	"/load",
		"value":	0
	}] (../lib/sbi/client.c:434)
04/02 15:40:08.430: [sbi] DEBUG: [204:PATCH] http://open5gs-scp/nnrf-nfm/v1/nf-instances/fc3d9036-d16b-41ed-8c10-d9e16a20cc20 (../lib/sbi/client.c:603)
04/02 15:40:08.430: [sbi] DEBUG: RECEIVED[0] (../lib/sbi/client.c:614)
04/02 15:40:08.430: [amf] DEBUG: amf_state_operational(): OGS_EVENT_NAME_SBI_CLIENT (../src/amf/amf-sm.c:78)
04/02 15:40:08.430: [sbi] DEBUG: ogs_sbi_nf_state_registered(): OGS_EVENT_NAME_SBI_CLIENT (../lib/sbi/nf-sm.c:204)
04/02 15:40:18.432: [amf] DEBUG: amf_state_operational(): OGS_EVENT_NAME_SBI_TIMER (../src/amf/amf-sm.c:78)
04/02 15:40:18.432: [sbi] DEBUG: ogs_sbi_nf_state_registered(): OGS_EVENT_NAME_SBI_TIMER (../lib/sbi/nf-sm.c:204)
04/02 15:40:18.432: [sbi] DEBUG: [PATCH] http://open5gs-scp/nnrf-nfm/v1/nf-instances/fc3d9036-d16b-41ed-8c10-d9e16a20cc20 (../lib/sbi/client.c:656)
04/02 15:40:18.432: [sbi] DEBUG: SENDING...[129] (../lib/sbi/client.c:432)
04/02 15:40:18.432: [sbi] DEBUG: [{
		"op":	"replace",
		"path":	"/nfStatus",
		"value":	"REGISTERED"
	}, {
		"op":	"replace",
		"path":	"/load",
		"value":	0
	}] (../lib/sbi/client.c:434)
04/02 15:40:18.434: [sbi] DEBUG: [204:PATCH] http://open5gs-scp/nnrf-nfm/v1/nf-instances/fc3d9036-d16b-41ed-8c10-d9e16a20cc20 (../lib/sbi/client.c:603)
04/02 15:40:18.434: [sbi] DEBUG: RECEIVED[0] (../lib/sbi/client.c:614)
04/02 15:40:18.434: [amf] DEBUG: amf_state_operational(): OGS_EVENT_NAME_SBI_CLIENT (../src/amf/amf-sm.c:78)
04/02 15:40:18.434: [sbi] DEBUG: ogs_sbi_nf_state_registered(): OGS_EVENT_NAME_SBI_CLIENT (../lib/sbi/nf-sm.c:204)
04/02 15:40:28.441: [amf] DEBUG: amf_state_operational(): OGS_EVENT_NAME_SBI_TIMER (../src/amf/amf-sm.c:78)
04/02 15:40:28.441: [sbi] DEBUG: ogs_sbi_nf_state_registered(): OGS_EVENT_NAME_SBI_TIMER (../lib/sbi/nf-sm.c:204)
04/02 15:40:28.441: [sbi] DEBUG: [PATCH] http://open5gs-scp/nnrf-nfm/v1/nf-instances/fc3d9036-d16b-41ed-8c10-d9e16a20cc20 (../lib/sbi/client.c:656)
04/02 15:40:28.441: [sbi] DEBUG: SENDING...[129] (../lib/sbi/client.c:432)
04/02 15:40:28.441: [sbi] DEBUG: [{
		"op":	"replace",
		"path":	"/nfStatus",
		"value":	"REGISTERED"
	}, {
		"op":	"replace",
		"path":	"/load",
		"value":	0
	}] (../lib/sbi/client.c:434)
04/02 15:40:28.443: [sbi] DEBUG: [204:PATCH] http://open5gs-scp/nnrf-nfm/v1/nf-instances/fc3d9036-d16b-41ed-8c10-d9e16a20cc20 (../lib/sbi/client.c:603)
04/02 15:40:28.444: [sbi] DEBUG: RECEIVED[0] (../lib/sbi/client.c:614)
04/02 15:40:28.444: [amf] DEBUG: amf_state_operational(): OGS_EVENT_NAME_SBI_CLIENT (../src/amf/amf-sm.c:78)
04/02 15:40:28.444: [sbi] DEBUG: ogs_sbi_nf_state_registered(): OGS_EVENT_NAME_SBI_CLIENT (../lib/sbi/nf-sm.c:204)
04/02 15:40:38.444: [amf] DEBUG: amf_state_operational(): OGS_EVENT_NAME_SBI_TIMER (../src/amf/amf-sm.c:78)
04/02 15:40:38.445: [sbi] DEBUG: ogs_sbi_nf_state_registered(): OGS_EVENT_NAME_SBI_TIMER (../lib/sbi/nf-sm.c:204)
04/02 15:40:38.445: [sbi] DEBUG: [PATCH] http://open5gs-scp/nnrf-nfm/v1/nf-instances/fc3d9036-d16b-41ed-8c10-d9e16a20cc20 (../lib/sbi/client.c:656)
04/02 15:40:38.445: [sbi] DEBUG: SENDING...[129] (../lib/sbi/client.c:432)
04/02 15:40:38.445: [sbi] DEBUG: [{
		"op":	"replace",
		"path":	"/nfStatus",
		"value":	"REGISTERED"
	}, {
		"op":	"replace",
		"path":	"/load",
		"value":	0
	}] (../lib/sbi/client.c:434)
04/02 15:40:38.447: [sbi] DEBUG: [204:PATCH] http://open5gs-scp/nnrf-nfm/v1/nf-instances/fc3d9036-d16b-41ed-8c10-d9e16a20cc20 (../lib/sbi/client.c:603)
04/02 15:40:38.447: [sbi] DEBUG: RECEIVED[0] (../lib/sbi/client.c:614)
04/02 15:40:38.447: [amf] DEBUG: amf_state_operational(): OGS_EVENT_NAME_SBI_CLIENT (../src/amf/amf-sm.c:78)
04/02 15:40:38.447: [sbi] DEBUG: ogs_sbi_nf_state_registered(): OGS_EVENT_NAME_SBI_CLIENT (../lib/sbi/nf-sm.c:204)
04/02 15:40:48.448: [amf] DEBUG: amf_state_operational(): OGS_EVENT_NAME_SBI_TIMER (../src/amf/amf-sm.c:78)
04/02 15:40:48.448: [sbi] DEBUG: ogs_sbi_nf_state_registered(): OGS_EVENT_NAME_SBI_TIMER (../lib/sbi/nf-sm.c:204)
04/02 15:40:48.448: [sbi] DEBUG: [PATCH] http://open5gs-scp/nnrf-nfm/v1/nf-instances/fc3d9036-d16b-41ed-8c10-d9e16a20cc20 (../lib/sbi/client.c:656)
04/02 15:40:48.448: [sbi] DEBUG: SENDING...[129] (../lib/sbi/client.c:432)
04/02 15:40:48.448: [sbi] DEBUG: [{
		"op":	"replace",
		"path":	"/nfStatus",
		"value":	"REGISTERED"
	}, {
		"op":	"replace",
		"path":	"/load",
		"value":	0
	}] (../lib/sbi/client.c:434)
04/02 15:40:48.450: [sbi] DEBUG: [204:PATCH] http://open5gs-scp/nnrf-nfm/v1/nf-instances/fc3d9036-d16b-41ed-8c10-d9e16a20cc20 (../lib/sbi/client.c:603)
04/02 15:40:48.450: [sbi] DEBUG: RECEIVED[0] (../lib/sbi/client.c:614)
04/02 15:40:48.450: [amf] DEBUG: amf_state_operational(): OGS_EVENT_NAME_SBI_CLIENT (../src/amf/amf-sm.c:78)
04/02 15:40:48.450: [sbi] DEBUG: ogs_sbi_nf_state_registered(): OGS_EVENT_NAME_SBI_CLIENT (../lib/sbi/nf-sm.c:204)
04/02 15:40:58.457: [amf] DEBUG: amf_state_operational(): OGS_EVENT_NAME_SBI_TIMER (../src/amf/amf-sm.c:78)
04/02 15:40:58.457: [sbi] DEBUG: ogs_sbi_nf_state_registered(): OGS_EVENT_NAME_SBI_TIMER (../lib/sbi/nf-sm.c:204)
04/02 15:40:58.457: [sbi] DEBUG: [PATCH] http://open5gs-scp/nnrf-nfm/v1/nf-instances/fc3d9036-d16b-41ed-8c10-d9e16a20cc20 (../lib/sbi/client.c:656)
04/02 15:40:58.457: [sbi] DEBUG: SENDING...[129] (../lib/sbi/client.c:432)
04/02 15:40:58.457: [sbi] DEBUG: [{
		"op":	"replace",
		"path":	"/nfStatus",
		"value":	"REGISTERED"
	}, {
		"op":	"replace",
		"path":	"/load",
		"value":	0
	}] (../lib/sbi/client.c:434)
04/02 15:40:58.458: [sbi] DEBUG: [204:PATCH] http://open5gs-scp/nnrf-nfm/v1/nf-instances/fc3d9036-d16b-41ed-8c10-d9e16a20cc20 (../lib/sbi/client.c:603)
04/02 15:40:58.458: [sbi] DEBUG: RECEIVED[0] (../lib/sbi/client.c:614)
04/02 15:40:58.458: [amf] DEBUG: amf_state_operational(): OGS_EVENT_NAME_SBI_CLIENT (../src/amf/amf-sm.c:78)
04/02 15:40:58.458: [sbi] DEBUG: ogs_sbi_nf_state_registered(): OGS_EVENT_NAME_SBI_CLIENT (../lib/sbi/nf-sm.c:204)
04/02 15:41:08.464: [amf] DEBUG: amf_state_operational(): OGS_EVENT_NAME_SBI_TIMER (../src/amf/amf-sm.c:78)
04/02 15:41:08.464: [sbi] DEBUG: ogs_sbi_nf_state_registered(): OGS_EVENT_NAME_SBI_TIMER (../lib/sbi/nf-sm.c:204)
04/02 15:41:08.464: [sbi] DEBUG: [PATCH] http://open5gs-scp/nnrf-nfm/v1/nf-instances/fc3d9036-d16b-41ed-8c10-d9e16a20cc20 (../lib/sbi/client.c:656)
04/02 15:41:08.464: [sbi] DEBUG: SENDING...[129] (../lib/sbi/client.c:432)
04/02 15:41:08.464: [sbi] DEBUG: [{
		"op":	"replace",
		"path":	"/nfStatus",
		"value":	"REGISTERED"
	}, {
		"op":	"replace",
		"path":	"/load",
		"value":	0
	}] (../lib/sbi/client.c:434)
04/02 15:41:08.467: [sbi] DEBUG: [204:PATCH] http://open5gs-scp/nnrf-nfm/v1/nf-instances/fc3d9036-d16b-41ed-8c10-d9e16a20cc20 (../lib/sbi/client.c:603)
04/02 15:41:08.467: [sbi] DEBUG: RECEIVED[0] (../lib/sbi/client.c:614)
04/02 15:41:08.467: [amf] DEBUG: amf_state_operational(): OGS_EVENT_NAME_SBI_CLIENT (../src/amf/amf-sm.c:78)
04/02 15:41:08.467: [sbi] DEBUG: ogs_sbi_nf_state_registered(): OGS_EVENT_NAME_SBI_CLIENT (../lib/sbi/nf-sm.c:204)
04/02 15:41:18.468: [amf] DEBUG: amf_state_operational(): OGS_EVENT_NAME_SBI_TIMER (../src/amf/amf-sm.c:78)
04/02 15:41:18.468: [sbi] DEBUG: ogs_sbi_nf_state_registered(): OGS_EVENT_NAME_SBI_TIMER (../lib/sbi/nf-sm.c:204)
04/02 15:41:18.468: [sbi] DEBUG: [PATCH] http://open5gs-scp/nnrf-nfm/v1/nf-instances/fc3d9036-d16b-41ed-8c10-d9e16a20cc20 (../lib/sbi/client.c:656)
04/02 15:41:18.468: [sbi] DEBUG: SENDING...[129] (../lib/sbi/client.c:432)
04/02 15:41:18.468: [sbi] DEBUG: [{
		"op":	"replace",
		"path":	"/nfStatus",
		"value":	"REGISTERED"
	}, {
		"op":	"replace",
		"path":	"/load",
		"value":	0
	}] (../lib/sbi/client.c:434)
04/02 15:41:18.470: [sbi] DEBUG: [204:PATCH] http://open5gs-scp/nnrf-nfm/v1/nf-instances/fc3d9036-d16b-41ed-8c10-d9e16a20cc20 (../lib/sbi/client.c:603)
04/02 15:41:18.470: [sbi] DEBUG: RECEIVED[0] (../lib/sbi/client.c:614)
04/02 15:41:18.470: [amf] DEBUG: amf_state_operational(): OGS_EVENT_NAME_SBI_CLIENT (../src/amf/amf-sm.c:78)
04/02 15:41:18.470: [sbi] DEBUG: ogs_sbi_nf_state_registered(): OGS_EVENT_NAME_SBI_CLIENT (../lib/sbi/nf-sm.c:204)
